{"/home/runner/work/todo-app/todo-app/server/src/angular-universal.filter.ts": {"path":"/home/runner/work/todo-app/todo-app/server/src/angular-universal.filter.ts","statementMap":{"0":{"start":{"line":1,"column":0},"end":{"line":1,"column":null}},"1":{"start":{"line":8,"column":0},"end":{"line":8,"column":51}},"2":{"start":{"line":12,"column":0},"end":{"line":35,"column":null}},"3":{"start":{"line":21,"column":4},"end":{"line":21,"column":26}},"4":{"start":{"line":17,"column":21},"end":{"line":17,"column":38}},"5":{"start":{"line":18,"column":21},"end":{"line":18,"column":39}},"6":{"start":{"line":25,"column":16},"end":{"line":25,"column":35}},"7":{"start":{"line":26,"column":16},"end":{"line":26,"column":41}},"8":{"start":{"line":27,"column":16},"end":{"line":27,"column":43}},"9":{"start":{"line":29,"column":41},"end":{"line":29,"column":45}},"10":{"start":{"line":30,"column":4},"end":{"line":33,"column":7}},"11":{"start":{"line":12,"column":13},"end":{"line":35,"column":null}},"12":{"start":{"line":12,"column":13},"end":{"line":12,"column":35}}},"fnMap":{"0":{"name":"(anonymous_2)","decl":{"start":{"line":16,"column":2},"end":{"line":16,"column":null}},"loc":{"start":{"line":19,"column":31},"end":{"line":22,"column":3}}},"1":{"name":"(anonymous_3)","decl":{"start":{"line":24,"column":2},"end":{"line":24,"column":7}},"loc":{"start":{"line":24,"column":57},"end":{"line":34,"column":3}}}},"branchMap":{},"s":{"0":0,"1":0,"2":0,"3":0,"4":0,"5":0,"6":0,"7":0,"8":0,"9":0,"10":0,"11":0,"12":0},"f":{"0":0,"1":0},"b":{}}
,"/home/runner/work/todo-app/todo-app/server/src/app-validation.pipe.ts": {"path":"/home/runner/work/todo-app/todo-app/server/src/app-validation.pipe.ts","statementMap":{"0":{"start":{"line":1,"column":0},"end":{"line":1,"column":48}},"1":{"start":{"line":5,"column":4},"end":{"line":14,"column":7}},"2":{"start":{"line":3,"column":0},"end":{"line":3,"column":13}}},"fnMap":{"0":{"name":"(anonymous_0)","decl":{"start":{"line":4,"column":2},"end":{"line":4,"column":null}},"loc":{"start":{"line":4,"column":2},"end":{"line":15,"column":3}}}},"branchMap":{},"s":{"0":0,"1":0,"2":0},"f":{"0":0},"b":{}}
,"/home/runner/work/todo-app/todo-app/server/src/app.module.ts": {"path":"/home/runner/work/todo-app/todo-app/server/src/app.module.ts","statementMap":{"0":{"start":{"line":1,"column":0},"end":{"line":1,"column":40}},"1":{"start":{"line":2,"column":0},"end":{"line":2,"column":46}},"2":{"start":{"line":3,"column":0},"end":{"line":3,"column":40}},"3":{"start":{"line":4,"column":0},"end":{"line":4,"column":48}},"4":{"start":{"line":5,"column":0},"end":{"line":5,"column":47}},"5":{"start":{"line":6,"column":0},"end":{"line":6,"column":58}},"6":{"start":{"line":7,"column":0},"end":{"line":7,"column":48}},"7":{"start":{"line":8,"column":0},"end":{"line":8,"column":51}},"8":{"start":{"line":9,"column":0},"end":{"line":9,"column":51}},"9":{"start":{"line":30,"column":0},"end":{"line":30,"column":null}},"10":{"start":{"line":30,"column":13},"end":{"line":30,"column":null}},"11":{"start":{"line":20,"column":8},"end":{"line":22,"column":8}},"12":{"start":{"line":30,"column":13},"end":{"line":30,"column":22}}},"fnMap":{"0":{"name":"(anonymous_1)","decl":{"start":{"line":19,"column":18},"end":{"line":19,"column":23}},"loc":{"start":{"line":20,"column":8},"end":{"line":22,"column":8}}}},"branchMap":{},"s":{"0":0,"1":0,"2":0,"3":0,"4":0,"5":0,"6":0,"7":0,"8":0,"9":0,"10":0,"11":0,"12":0},"f":{"0":0},"b":{}}
,"/home/runner/work/todo-app/todo-app/server/src/main.ts": {"path":"/home/runner/work/todo-app/todo-app/server/src/main.ts","statementMap":{"0":{"start":{"line":1,"column":0},"end":{"line":1,"column":40}},"1":{"start":{"line":2,"column":0},"end":{"line":2,"column":47}},"2":{"start":{"line":3,"column":0},"end":{"line":3,"column":60}},"3":{"start":{"line":5,"column":0},"end":{"line":5,"column":65}},"4":{"start":{"line":6,"column":0},"end":{"line":6,"column":43}},"5":{"start":{"line":7,"column":0},"end":{"line":7,"column":42}},"6":{"start":{"line":8,"column":0},"end":{"line":8,"column":33}},"7":{"start":{"line":9,"column":0},"end":{"line":9,"column":28}},"8":{"start":{"line":10,"column":0},"end":{"line":10,"column":68}},"9":{"start":{"line":11,"column":0},"end":{"line":11,"column":41}},"10":{"start":{"line":14,"column":17},"end":{"line":14,"column":46}},"11":{"start":{"line":15,"column":2},"end":{"line":15,"column":52}},"12":{"start":{"line":17,"column":14},"end":{"line":19,"column":4}},"13":{"start":{"line":21,"column":24},"end":{"line":21,"column":46}},"14":{"start":{"line":23,"column":2},"end":{"line":23,"column":25}},"15":{"start":{"line":24,"column":2},"end":{"line":28,"column":4}},"16":{"start":{"line":30,"column":14},"end":{"line":35,"column":4}},"17":{"start":{"line":37,"column":2},"end":{"line":37,"column":34}},"18":{"start":{"line":39,"column":17},"end":{"line":45,"column":12}},"19":{"start":{"line":46,"column":19},"end":{"line":46,"column":60}},"20":{"start":{"line":47,"column":2},"end":{"line":47,"column":49}},"21":{"start":{"line":49,"column":25},"end":{"line":49,"column":54}},"22":{"start":{"line":50,"column":2},"end":{"line":52,"column":null}},"23":{"start":{"line":51,"column":4},"end":{"line":51,"column":68}},"24":{"start":{"line":54,"column":29},"end":{"line":54,"column":77}},"25":{"start":{"line":55,"column":2},"end":{"line":57,"column":null}},"26":{"start":{"line":56,"column":4},"end":{"line":56,"column":76}},"27":{"start":{"line":59,"column":17},"end":{"line":59,"column":52}},"28":{"start":{"line":61,"column":2},"end":{"line":101,"column":null}},"29":{"start":{"line":62,"column":27},"end":{"line":62,"column":64}},"30":{"start":{"line":63,"column":4},"end":{"line":65,"column":null}},"31":{"start":{"line":64,"column":6},"end":{"line":64,"column":70}},"32":{"start":{"line":67,"column":31},"end":{"line":67,"column":72}},"33":{"start":{"line":68,"column":4},"end":{"line":70,"column":null}},"34":{"start":{"line":69,"column":6},"end":{"line":69,"column":78}},"35":{"start":{"line":72,"column":30},"end":{"line":72,"column":78}},"36":{"start":{"line":73,"column":29},"end":{"line":73,"column":76}},"37":{"start":{"line":76,"column":4},"end":{"line":89,"column":null}},"38":{"start":{"line":77,"column":43},"end":{"line":77,"column":90}},"39":{"start":{"line":78,"column":6},"end":{"line":78,"column":27}},"40":{"start":{"line":79,"column":6},"end":{"line":79,"column":34}},"41":{"start":{"line":81,"column":6},"end":{"line":86,"column":8}},"42":{"start":{"line":82,"column":8},"end":{"line":85,"column":11}},"43":{"start":{"line":83,"column":10},"end":{"line":83,"column":40}},"44":{"start":{"line":83,"column":19},"end":{"line":83,"column":40}},"45":{"start":{"line":84,"column":10},"end":{"line":84,"column":49}},"46":{"start":{"line":87,"column":6},"end":{"line":87,"column":36}},"47":{"start":{"line":88,"column":6},"end":{"line":88,"column":72}},"48":{"start":{"line":91,"column":4},"end":{"line":91,"column":31}},"49":{"start":{"line":92,"column":4},"end":{"line":92,"column":30}},"50":{"start":{"line":93,"column":4},"end":{"line":93,"column":43}},"51":{"start":{"line":94,"column":4},"end":{"line":94,"column":61}},"52":{"start":{"line":96,"column":22},"end":{"line":98,"column":20}},"53":{"start":{"line":99,"column":28},"end":{"line":99,"column":52}},"54":{"start":{"line":100,"column":4},"end":{"line":100,"column":90}},"55":{"start":{"line":103,"column":15},"end":{"line":103,"column":61}},"56":{"start":{"line":104,"column":15},"end":{"line":104,"column":52}},"57":{"start":{"line":106,"column":2},"end":{"line":109,"column":5}},"58":{"start":{"line":107,"column":16},"end":{"line":107,"column":34}},"59":{"start":{"line":108,"column":4},"end":{"line":108,"column":63}},"60":{"start":{"line":111,"column":0},"end":{"line":111,"column":12}}},"fnMap":{"0":{"name":"bootstrap","decl":{"start":{"line":13,"column":15},"end":{"line":13,"column":24}},"loc":{"start":{"line":13,"column":24},"end":{"line":110,"column":1}}},"1":{"name":"(anonymous_1)","decl":{"start":{"line":77,"column":43},"end":{"line":77,"column":56}},"loc":{"start":{"line":77,"column":43},"end":{"line":77,"column":90}}},"2":{"name":"(anonymous_2)","decl":{"start":{"line":81,"column":15},"end":{"line":81,"column":16}},"loc":{"start":{"line":81,"column":59},"end":{"line":86,"column":7}}},"3":{"name":"(anonymous_3)","decl":{"start":{"line":82,"column":34},"end":{"line":82,"column":44}},"loc":{"start":{"line":82,"column":53},"end":{"line":85,"column":9}}},"4":{"name":"(anonymous_4)","decl":{"start":{"line":106,"column":25},"end":{"line":106,"column":30}},"loc":{"start":{"line":106,"column":36},"end":{"line":109,"column":3}}}},"branchMap":{"0":{"loc":{"start":{"line":50,"column":2},"end":{"line":52,"column":null}},"type":"if","locations":[{"start":{"line":50,"column":2},"end":{"line":52,"column":null}}]},"1":{"loc":{"start":{"line":55,"column":2},"end":{"line":57,"column":null}},"type":"if","locations":[{"start":{"line":55,"column":2},"end":{"line":57,"column":null}}]},"2":{"loc":{"start":{"line":61,"column":2},"end":{"line":101,"column":null}},"type":"if","locations":[{"start":{"line":61,"column":2},"end":{"line":101,"column":null}}]},"3":{"loc":{"start":{"line":63,"column":4},"end":{"line":65,"column":null}},"type":"if","locations":[{"start":{"line":63,"column":4},"end":{"line":65,"column":null}}]},"4":{"loc":{"start":{"line":68,"column":4},"end":{"line":70,"column":null}},"type":"if","locations":[{"start":{"line":68,"column":4},"end":{"line":70,"column":null}}]},"5":{"loc":{"start":{"line":83,"column":10},"end":{"line":83,"column":40}},"type":"if","locations":[{"start":{"line":83,"column":10},"end":{"line":83,"column":40}}]},"6":{"loc":{"start":{"line":96,"column":22},"end":{"line":98,"column":20}},"type":"cond-expr","locations":[{"start":{"line":97,"column":8},"end":{"line":97,"column":29}},{"start":{"line":98,"column":8},"end":{"line":98,"column":20}}]}},"s":{"0":0,"1":0,"2":0,"3":0,"4":0,"5":0,"6":0,"7":0,"8":0,"9":0,"10":0,"11":0,"12":0,"13":0,"14":0,"15":0,"16":0,"17":0,"18":0,"19":0,"20":0,"21":0,"22":0,"23":0,"24":0,"25":0,"26":0,"27":0,"28":0,"29":0,"30":0,"31":0,"32":0,"33":0,"34":0,"35":0,"36":0,"37":0,"38":0,"39":0,"40":0,"41":0,"42":0,"43":0,"44":0,"45":0,"46":0,"47":0,"48":0,"49":0,"50":0,"51":0,"52":0,"53":0,"54":0,"55":0,"56":0,"57":0,"58":0,"59":0,"60":0},"f":{"0":0,"1":0,"2":0,"3":0,"4":0},"b":{"0":[0],"1":[0],"2":[0],"3":[0],"4":[0],"5":[0],"6":[0,0]}}
,"/home/runner/work/todo-app/todo-app/server/src/auth/auth.controller.ts": {"path":"/home/runner/work/todo-app/todo-app/server/src/auth/auth.controller.ts","statementMap":{"0":{"start":{"line":1,"column":0},"end":{"line":1,"column":61}},"1":{"start":{"line":2,"column":0},"end":{"line":2,"column":51}},"2":{"start":{"line":4,"column":0},"end":{"line":4,"column":45}},"3":{"start":{"line":5,"column":0},"end":{"line":5,"column":51}},"4":{"start":{"line":6,"column":0},"end":{"line":6,"column":56}},"5":{"start":{"line":7,"column":0},"end":{"line":7,"column":68}},"6":{"start":{"line":8,"column":0},"end":{"line":8,"column":51}},"7":{"start":{"line":9,"column":0},"end":{"line":9,"column":44}},"8":{"start":{"line":10,"column":0},"end":{"line":10,"column":46}},"9":{"start":{"line":11,"column":0},"end":{"line":11,"column":70}},"10":{"start":{"line":12,"column":0},"end":{"line":12,"column":68}},"11":{"start":{"line":13,"column":0},"end":{"line":13,"column":76}},"12":{"start":{"line":17,"column":0},"end":{"line":55,"column":null}},"13":{"start":{"line":18,"column":31},"end":{"line":18,"column":44}},"14":{"start":{"line":24,"column":18},"end":{"line":24,"column":55}},"15":{"start":{"line":25,"column":4},"end":{"line":25,"column":35}},"16":{"start":{"line":31,"column":17},"end":{"line":31,"column":57}},"17":{"start":{"line":32,"column":18},"end":{"line":32,"column":55}},"18":{"start":{"line":33,"column":4},"end":{"line":33,"column":35}},"19":{"start":{"line":39,"column":4},"end":{"line":39,"column":41}},"20":{"start":{"line":45,"column":18},"end":{"line":45,"column":55}},"21":{"start":{"line":46,"column":4},"end":{"line":46,"column":35}},"22":{"start":{"line":52,"column":18},"end":{"line":52,"column":55}},"23":{"start":{"line":53,"column":4},"end":{"line":53,"column":35}},"24":{"start":{"line":23,"column":2},"end":{"line":26,"column":null}},"25":{"start":{"line":30,"column":2},"end":{"line":34,"column":null}},"26":{"start":{"line":38,"column":2},"end":{"line":40,"column":null}},"27":{"start":{"line":44,"column":2},"end":{"line":47,"column":null}},"28":{"start":{"line":51,"column":2},"end":{"line":54,"column":null}},"29":{"start":{"line":17,"column":13},"end":{"line":55,"column":null}},"30":{"start":{"line":17,"column":13},"end":{"line":17,"column":27}}},"fnMap":{"0":{"name":"(anonymous_4)","decl":{"start":{"line":18,"column":2},"end":{"line":18,"column":31}},"loc":{"start":{"line":18,"column":55},"end":{"line":18,"column":59}}},"1":{"name":"(anonymous_5)","decl":{"start":{"line":23,"column":2},"end":{"line":23,"column":7}},"loc":{"start":{"line":23,"column":41},"end":{"line":26,"column":3}}},"2":{"name":"(anonymous_6)","decl":{"start":{"line":30,"column":2},"end":{"line":30,"column":7}},"loc":{"start":{"line":30,"column":43},"end":{"line":34,"column":3}}},"3":{"name":"(anonymous_7)","decl":{"start":{"line":38,"column":2},"end":{"line":38,"column":7}},"loc":{"start":{"line":38,"column":42},"end":{"line":40,"column":3}}},"4":{"name":"(anonymous_8)","decl":{"start":{"line":44,"column":2},"end":{"line":44,"column":7}},"loc":{"start":{"line":44,"column":51},"end":{"line":47,"column":3}}},"5":{"name":"(anonymous_9)","decl":{"start":{"line":51,"column":2},"end":{"line":51,"column":7}},"loc":{"start":{"line":51,"column":54},"end":{"line":54,"column":3}}}},"branchMap":{},"s":{"0":1,"1":1,"2":1,"3":1,"4":1,"5":1,"6":1,"7":1,"8":1,"9":1,"10":1,"11":1,"12":1,"13":1,"14":0,"15":0,"16":0,"17":0,"18":0,"19":0,"20":0,"21":0,"22":0,"23":0,"24":1,"25":1,"26":1,"27":1,"28":1,"29":1,"30":1},"f":{"0":1,"1":0,"2":0,"3":0,"4":0,"5":0},"b":{}}
,"/home/runner/work/todo-app/todo-app/server/src/auth/auth.module.ts": {"path":"/home/runner/work/todo-app/todo-app/server/src/auth/auth.module.ts","statementMap":{"0":{"start":{"line":1,"column":0},"end":{"line":1,"column":40}},"1":{"start":{"line":2,"column":0},"end":{"line":2,"column":61}},"2":{"start":{"line":3,"column":0},"end":{"line":3,"column":40}},"3":{"start":{"line":4,"column":0},"end":{"line":4,"column":50}},"4":{"start":{"line":5,"column":0},"end":{"line":5,"column":52}},"5":{"start":{"line":6,"column":0},"end":{"line":6,"column":51}},"6":{"start":{"line":7,"column":0},"end":{"line":7,"column":45}},"7":{"start":{"line":8,"column":0},"end":{"line":8,"column":71}},"8":{"start":{"line":9,"column":0},"end":{"line":9,"column":65}},"9":{"start":{"line":10,"column":0},"end":{"line":10,"column":69}},"10":{"start":{"line":11,"column":0},"end":{"line":11,"column":77}},"11":{"start":{"line":31,"column":0},"end":{"line":31,"column":null}},"12":{"start":{"line":31,"column":13},"end":{"line":31,"column":null}},"13":{"start":{"line":20,"column":59},"end":{"line":23,"column":8}},"14":{"start":{"line":31,"column":13},"end":{"line":31,"column":23}}},"fnMap":{"0":{"name":"(anonymous_1)","decl":{"start":{"line":20,"column":18},"end":{"line":20,"column":23}},"loc":{"start":{"line":20,"column":59},"end":{"line":23,"column":8}}}},"branchMap":{},"s":{"0":0,"1":0,"2":0,"3":0,"4":0,"5":0,"6":0,"7":0,"8":0,"9":0,"10":0,"11":0,"12":0,"13":0,"14":0},"f":{"0":0},"b":{}}
,"/home/runner/work/todo-app/todo-app/server/src/auth/auth.service.ts": {"path":"/home/runner/work/todo-app/todo-app/server/src/auth/auth.service.ts","statementMap":{"0":{"start":{"line":1,"column":0},"end":{"line":1,"column":96}},"1":{"start":{"line":2,"column":0},"end":{"line":2,"column":47}},"2":{"start":{"line":3,"column":0},"end":{"line":3,"column":41}},"3":{"start":{"line":4,"column":0},"end":{"line":4,"column":33}},"4":{"start":{"line":6,"column":0},"end":{"line":6,"column":43}},"5":{"start":{"line":7,"column":0},"end":{"line":7,"column":54}},"6":{"start":{"line":13,"column":24},"end":{"line":101,"column":null}},"7":{"start":{"line":17,"column":21},"end":{"line":17,"column":36}},"8":{"start":{"line":18,"column":21},"end":{"line":18,"column":33}},"9":{"start":{"line":19,"column":21},"end":{"line":19,"column":35}},"10":{"start":{"line":14,"column":19},"end":{"line":14,"column":57}},"11":{"start":{"line":23,"column":35},"end":{"line":23,"column":43}},"12":{"start":{"line":24,"column":17},"end":{"line":24,"column":75}},"13":{"start":{"line":25,"column":4},"end":{"line":27,"column":null}},"14":{"start":{"line":26,"column":6},"end":{"line":26,"column":65}},"15":{"start":{"line":28,"column":18},"end":{"line":28,"column":63}},"16":{"start":{"line":29,"column":4},"end":{"line":31,"column":null}},"17":{"start":{"line":30,"column":6},"end":{"line":30,"column":68}},"18":{"start":{"line":32,"column":4},"end":{"line":32,"column":51}},"19":{"start":{"line":36,"column":48},"end":{"line":36,"column":57}},"20":{"start":{"line":37,"column":23},"end":{"line":37,"column":82}},"21":{"start":{"line":38,"column":17},"end":{"line":38,"column":56}},"22":{"start":{"line":39,"column":17},"end":{"line":39,"column":94}},"23":{"start":{"line":40,"column":4},"end":{"line":42,"column":null}},"24":{"start":{"line":41,"column":6},"end":{"line":41,"column":57}},"25":{"start":{"line":43,"column":4},"end":{"line":43,"column":51}},"26":{"start":{"line":47,"column":31},"end":{"line":47,"column":48}},"27":{"start":{"line":48,"column":20},"end":{"line":48,"column":65}},"28":{"start":{"line":49,"column":4},"end":{"line":63,"column":null}},"29":{"start":{"line":50,"column":6},"end":{"line":50,"column":43}},"30":{"start":{"line":51,"column":19},"end":{"line":51,"column":59}},"31":{"start":{"line":52,"column":6},"end":{"line":56,"column":null}},"32":{"start":{"line":53,"column":8},"end":{"line":53,"column":81}},"33":{"start":{"line":54,"column":24},"end":{"line":54,"column":89}},"34":{"start":{"line":55,"column":8},"end":{"line":55,"column":68}},"35":{"start":{"line":55,"column":21},"end":{"line":55,"column":68}},"36":{"start":{"line":58,"column":6},"end":{"line":58,"column":53}},"37":{"start":{"line":59,"column":19},"end":{"line":59,"column":31}},"38":{"start":{"line":62,"column":6},"end":{"line":62,"column":53}},"39":{"start":{"line":64,"column":4},"end":{"line":64,"column":44}},"40":{"start":{"line":71,"column":25},"end":{"line":71,"column":42}},"41":{"start":{"line":72,"column":20},"end":{"line":72,"column":65}},"42":{"start":{"line":73,"column":4},"end":{"line":79,"column":null}},"43":{"start":{"line":74,"column":6},"end":{"line":74,"column":89}},"44":{"start":{"line":75,"column":11},"end":{"line":79,"column":null}},"45":{"start":{"line":76,"column":6},"end":{"line":76,"column":73}},"46":{"start":{"line":77,"column":11},"end":{"line":79,"column":null}},"47":{"start":{"line":77,"column":47},"end":{"line":77,"column":68}},"48":{"start":{"line":78,"column":6},"end":{"line":78,"column":92}},"49":{"start":{"line":80,"column":23},"end":{"line":80,"column":88}},"50":{"start":{"line":81,"column":4},"end":{"line":81,"column":32}},"51":{"start":{"line":81,"column":20},"end":{"line":81,"column":32}},"52":{"start":{"line":82,"column":4},"end":{"line":82,"column":44}},"53":{"start":{"line":86,"column":20},"end":{"line":86,"column":78}},"54":{"start":{"line":87,"column":4},"end":{"line":87,"column":41}},"55":{"start":{"line":91,"column":17},"end":{"line":91,"column":57}},"56":{"start":{"line":92,"column":4},"end":{"line":94,"column":null}},"57":{"start":{"line":93,"column":6},"end":{"line":93,"column":54}},"58":{"start":{"line":95,"column":4},"end":{"line":95,"column":16}},"59":{"start":{"line":99,"column":4},"end":{"line":99,"column":46}},"60":{"start":{"line":13,"column":13},"end":{"line":101,"column":null}},"61":{"start":{"line":13,"column":13},"end":{"line":13,"column":24}}},"fnMap":{"0":{"name":"(anonymous_2)","decl":{"start":{"line":16,"column":2},"end":{"line":16,"column":null}},"loc":{"start":{"line":19,"column":47},"end":{"line":20,"column":6}}},"1":{"name":"(anonymous_3)","decl":{"start":{"line":22,"column":2},"end":{"line":22,"column":7}},"loc":{"start":{"line":22,"column":32},"end":{"line":33,"column":3}}},"2":{"name":"(anonymous_4)","decl":{"start":{"line":35,"column":2},"end":{"line":35,"column":7}},"loc":{"start":{"line":35,"column":35},"end":{"line":44,"column":3}}},"3":{"name":"(anonymous_5)","decl":{"start":{"line":46,"column":2},"end":{"line":46,"column":7}},"loc":{"start":{"line":46,"column":61},"end":{"line":65,"column":3}}},"4":{"name":"(anonymous_6)","decl":{"start":{"line":67,"column":2},"end":{"line":67,"column":7}},"loc":{"start":{"line":69,"column":23},"end":{"line":83,"column":3}}},"5":{"name":"(anonymous_7)","decl":{"start":{"line":77,"column":34},"end":{"line":77,"column":35}},"loc":{"start":{"line":77,"column":47},"end":{"line":77,"column":68}}},"6":{"name":"(anonymous_8)","decl":{"start":{"line":85,"column":2},"end":{"line":85,"column":7}},"loc":{"start":{"line":85,"column":36},"end":{"line":88,"column":3}}},"7":{"name":"(anonymous_9)","decl":{"start":{"line":90,"column":2},"end":{"line":90,"column":7}},"loc":{"start":{"line":90,"column":31},"end":{"line":96,"column":3}}},"8":{"name":"(anonymous_10)","decl":{"start":{"line":98,"column":2},"end":{"line":98,"column":7}},"loc":{"start":{"line":98,"column":34},"end":{"line":100,"column":3}}}},"branchMap":{"0":{"loc":{"start":{"line":25,"column":4},"end":{"line":27,"column":null}},"type":"if","locations":[{"start":{"line":25,"column":4},"end":{"line":27,"column":null}}]},"1":{"loc":{"start":{"line":29,"column":4},"end":{"line":31,"column":null}},"type":"if","locations":[{"start":{"line":29,"column":4},"end":{"line":31,"column":null}}]},"2":{"loc":{"start":{"line":40,"column":4},"end":{"line":42,"column":null}},"type":"if","locations":[{"start":{"line":40,"column":4},"end":{"line":42,"column":null}}]},"3":{"loc":{"start":{"line":49,"column":4},"end":{"line":63,"column":null}},"type":"if","locations":[{"start":{"line":49,"column":4},"end":{"line":63,"column":null}},{"start":{"line":57,"column":11},"end":{"line":63,"column":null}}]},"4":{"loc":{"start":{"line":52,"column":6},"end":{"line":56,"column":null}},"type":"if","locations":[{"start":{"line":52,"column":6},"end":{"line":56,"column":null}}]},"5":{"loc":{"start":{"line":55,"column":8},"end":{"line":55,"column":68}},"type":"if","locations":[{"start":{"line":55,"column":8},"end":{"line":55,"column":68}}]},"6":{"loc":{"start":{"line":73,"column":4},"end":{"line":79,"column":null}},"type":"if","locations":[{"start":{"line":73,"column":4},"end":{"line":79,"column":null}},{"start":{"line":75,"column":11},"end":{"line":79,"column":null}}]},"7":{"loc":{"start":{"line":73,"column":8},"end":{"line":73,"column":45}},"type":"binary-expr","locations":[{"start":{"line":73,"column":8},"end":{"line":73,"column":15}},{"start":{"line":73,"column":19},"end":{"line":73,"column":45}}]},"8":{"loc":{"start":{"line":75,"column":11},"end":{"line":79,"column":null}},"type":"if","locations":[{"start":{"line":75,"column":11},"end":{"line":79,"column":null}},{"start":{"line":77,"column":11},"end":{"line":79,"column":null}}]},"9":{"loc":{"start":{"line":77,"column":11},"end":{"line":79,"column":null}},"type":"if","locations":[{"start":{"line":77,"column":11},"end":{"line":79,"column":null}}]},"10":{"loc":{"start":{"line":81,"column":4},"end":{"line":81,"column":32}},"type":"if","locations":[{"start":{"line":81,"column":4},"end":{"line":81,"column":32}}]},"11":{"loc":{"start":{"line":92,"column":4},"end":{"line":94,"column":null}},"type":"if","locations":[{"start":{"line":92,"column":4},"end":{"line":94,"column":null}}]}},"s":{"0":2,"1":2,"2":2,"3":2,"4":2,"5":2,"6":2,"7":1,"8":1,"9":1,"10":1,"11":0,"12":0,"13":0,"14":0,"15":0,"16":0,"17":0,"18":0,"19":0,"20":0,"21":0,"22":0,"23":0,"24":0,"25":0,"26":0,"27":0,"28":0,"29":0,"30":0,"31":0,"32":0,"33":0,"34":0,"35":0,"36":0,"37":0,"38":0,"39":0,"40":0,"41":0,"42":0,"43":0,"44":0,"45":0,"46":0,"47":0,"48":0,"49":0,"50":0,"51":0,"52":0,"53":0,"54":0,"55":0,"56":0,"57":0,"58":0,"59":0,"60":2,"61":2},"f":{"0":1,"1":0,"2":0,"3":0,"4":0,"5":0,"6":0,"7":0,"8":0},"b":{"0":[0],"1":[0],"2":[0],"3":[0,0],"4":[0],"5":[0],"6":[0,0],"7":[0,0],"8":[0,0],"9":[0],"10":[0],"11":[0]}}
,"/home/runner/work/todo-app/todo-app/server/src/auth/decorators/allow-no-auth.decorator.ts": {"path":"/home/runner/work/todo-app/todo-app/server/src/auth/decorators/allow-no-auth.decorator.ts","statementMap":{"0":{"start":{"line":1,"column":0},"end":{"line":1,"column":45}},"1":{"start":{"line":6,"column":13},"end":{"line":6,"column":35}},"2":{"start":{"line":12,"column":27},"end":{"line":12,"column":62}},"3":{"start":{"line":12,"column":33},"end":{"line":12,"column":62}},"4":{"start":{"line":12,"column":13},"end":{"line":12,"column":27}}},"fnMap":{"0":{"name":"(anonymous_0)","decl":{"start":{"line":12,"column":27},"end":{"line":12,"column":30}},"loc":{"start":{"line":12,"column":33},"end":{"line":12,"column":62}}}},"branchMap":{},"s":{"0":3,"1":3,"2":3,"3":0,"4":3},"f":{"0":0},"b":{}}
,"/home/runner/work/todo-app/todo-app/server/src/auth/decorators/auth.decorator.ts": {"path":"/home/runner/work/todo-app/todo-app/server/src/auth/decorators/auth.decorator.ts","statementMap":{"0":{"start":{"line":1,"column":0},"end":{"line":1,"column":60}},"1":{"start":{"line":2,"column":0},"end":{"line":2,"column":73}},"2":{"start":{"line":3,"column":0},"end":{"line":3,"column":69}},"3":{"start":{"line":4,"column":0},"end":{"line":4,"column":67}},"4":{"start":{"line":5,"column":0},"end":{"line":5,"column":65}},"5":{"start":{"line":11,"column":20},"end":{"line":15,"column":null}},"6":{"start":{"line":12,"column":2},"end":{"line":15,"column":null}},"7":{"start":{"line":11,"column":13},"end":{"line":11,"column":20}}},"fnMap":{"0":{"name":"(anonymous_0)","decl":{"start":{"line":11,"column":20},"end":{"line":11,"column":21}},"loc":{"start":{"line":12,"column":2},"end":{"line":15,"column":null}}}},"branchMap":{},"s":{"0":3,"1":3,"2":3,"3":3,"4":3,"5":3,"6":3,"7":3},"f":{"0":3},"b":{}}
,"/home/runner/work/todo-app/todo-app/server/src/auth/decorators/no-auth.decorator.ts": {"path":"/home/runner/work/todo-app/todo-app/server/src/auth/decorators/no-auth.decorator.ts","statementMap":{"0":{"start":{"line":1,"column":0},"end":{"line":1,"column":43}},"1":{"start":{"line":2,"column":0},"end":{"line":2,"column":74}},"2":{"start":{"line":8,"column":22},"end":{"line":9,"column":45}},"3":{"start":{"line":9,"column":2},"end":{"line":9,"column":45}},"4":{"start":{"line":8,"column":13},"end":{"line":8,"column":22}}},"fnMap":{"0":{"name":"(anonymous_0)","decl":{"start":{"line":8,"column":22},"end":{"line":8,"column":23}},"loc":{"start":{"line":9,"column":2},"end":{"line":9,"column":45}}}},"branchMap":{},"s":{"0":1,"1":1,"2":1,"3":2,"4":1},"f":{"0":2},"b":{}}
,"/home/runner/work/todo-app/todo-app/server/src/auth/decorators/optional-auth.decorator.ts": {"path":"/home/runner/work/todo-app/todo-app/server/src/auth/decorators/optional-auth.decorator.ts","statementMap":{"0":{"start":{"line":1,"column":0},"end":{"line":1,"column":60}},"1":{"start":{"line":2,"column":0},"end":{"line":2,"column":61}},"2":{"start":{"line":3,"column":0},"end":{"line":3,"column":82}},"3":{"start":{"line":9,"column":28},"end":{"line":10,"column":95}},"4":{"start":{"line":10,"column":2},"end":{"line":10,"column":95}},"5":{"start":{"line":9,"column":13},"end":{"line":9,"column":28}}},"fnMap":{"0":{"name":"(anonymous_0)","decl":{"start":{"line":9,"column":28},"end":{"line":9,"column":29}},"loc":{"start":{"line":10,"column":2},"end":{"line":10,"column":95}}}},"branchMap":{},"s":{"0":2,"1":2,"2":2,"3":2,"4":4,"5":2},"f":{"0":4},"b":{}}
,"/home/runner/work/todo-app/todo-app/server/src/auth/decorators/roles.decorator.ts": {"path":"/home/runner/work/todo-app/todo-app/server/src/auth/decorators/roles.decorator.ts","statementMap":{"0":{"start":{"line":1,"column":0},"end":{"line":1,"column":45}},"1":{"start":{"line":4,"column":13},"end":{"line":4,"column":33}},"2":{"start":{"line":10,"column":21},"end":{"line":10,"column":76}},"3":{"start":{"line":10,"column":47},"end":{"line":10,"column":76}},"4":{"start":{"line":10,"column":13},"end":{"line":10,"column":21}}},"fnMap":{"0":{"name":"(anonymous_0)","decl":{"start":{"line":10,"column":21},"end":{"line":10,"column":22}},"loc":{"start":{"line":10,"column":47},"end":{"line":10,"column":76}}}},"branchMap":{},"s":{"0":3,"1":3,"2":3,"3":1,"4":3},"f":{"0":1},"b":{}}
,"/home/runner/work/todo-app/todo-app/server/src/auth/decorators/user.decorator.ts": {"path":"/home/runner/work/todo-app/todo-app/server/src/auth/decorators/user.decorator.ts","statementMap":{"0":{"start":{"line":1,"column":0},"end":{"line":1,"column":72}},"1":{"start":{"line":9,"column":13},"end":{"line":15,"column":2}},"2":{"start":{"line":11,"column":16},"end":{"line":11,"column":60}},"3":{"start":{"line":12,"column":17},"end":{"line":12,"column":54}},"4":{"start":{"line":13,"column":4},"end":{"line":13,"column":38}}},"fnMap":{"0":{"name":"(anonymous_0)","decl":{"start":{"line":10,"column":2},"end":{"line":10,"column":3}},"loc":{"start":{"line":10,"column":59},"end":{"line":14,"column":3}}}},"branchMap":{"0":{"loc":{"start":{"line":13,"column":11},"end":{"line":13,"column":37}},"type":"cond-expr","locations":[{"start":{"line":13,"column":18},"end":{"line":13,"column":30}},{"start":{"line":13,"column":33},"end":{"line":13,"column":37}}]},"1":{"loc":{"start":{"line":13,"column":18},"end":{"line":13,"column":30}},"type":"cond-expr","locations":[{"start":{"line":13,"column":22},"end":{"line":13,"column":25}},{"start":{"line":13,"column":18},"end":{"line":13,"column":30}}]},"2":{"loc":{"start":{"line":13,"column":18},"end":{"line":13,"column":25}},"type":"binary-expr","locations":[{"start":{"line":13,"column":18},"end":{"line":13,"column":25}},{"start":{"line":13,"column":18},"end":{"line":13,"column":25}}]}},"s":{"0":2,"1":2,"2":0,"3":0,"4":0},"f":{"0":0},"b":{"0":[0,0],"1":[0,0],"2":[0,0]}}
,"/home/runner/work/todo-app/todo-app/server/src/auth/dto/connect-account.dto.ts": {"path":"/home/runner/work/todo-app/todo-app/server/src/auth/dto/connect-account.dto.ts","statementMap":{"0":{"start":{"line":1,"column":0},"end":{"line":1,"column":63}},"1":{"start":{"line":2,"column":0},"end":{"line":2,"column":null}},"2":{"start":{"line":15,"column":2},"end":{"line":15,"column":null}},"3":{"start":{"line":22,"column":2},"end":{"line":22,"column":null}},"4":{"start":{"line":28,"column":2},"end":{"line":28,"column":null}},"5":{"start":{"line":34,"column":2},"end":{"line":34,"column":null}},"6":{"start":{"line":9,"column":0},"end":{"line":9,"column":13}}},"fnMap":{},"branchMap":{},"s":{"0":0,"1":0,"2":0,"3":0,"4":0,"5":0,"6":0},"f":{},"b":{}}
,"/home/runner/work/todo-app/todo-app/server/src/auth/dto/log-in.dto.ts": {"path":"/home/runner/work/todo-app/todo-app/server/src/auth/dto/log-in.dto.ts","statementMap":{"0":{"start":{"line":1,"column":0},"end":{"line":1,"column":65}},"1":{"start":{"line":14,"column":2},"end":{"line":14,"column":null}},"2":{"start":{"line":22,"column":2},"end":{"line":22,"column":null}},"3":{"start":{"line":4,"column":0},"end":{"line":4,"column":13}}},"fnMap":{},"branchMap":{},"s":{"0":1,"1":1,"2":1,"3":1},"f":{},"b":{}}
,"/home/runner/work/todo-app/todo-app/server/src/auth/dto/sign-up.dto.ts": {"path":"/home/runner/work/todo-app/todo-app/server/src/auth/dto/sign-up.dto.ts","statementMap":{"0":{"start":{"line":1,"column":0},"end":{"line":1,"column":54}},"1":{"start":{"line":3,"column":0},"end":{"line":3,"column":40}},"2":{"start":{"line":14,"column":2},"end":{"line":14,"column":null}},"3":{"start":{"line":22,"column":2},"end":{"line":22,"column":null}},"4":{"start":{"line":5,"column":0},"end":{"line":5,"column":13}}},"fnMap":{},"branchMap":{},"s":{"0":1,"1":1,"2":1,"3":1,"4":1},"f":{},"b":{}}
,"/home/runner/work/todo-app/todo-app/server/src/auth/guards/authentication.guard.ts": {"path":"/home/runner/work/todo-app/todo-app/server/src/auth/guards/authentication.guard.ts","statementMap":{"0":{"start":{"line":1,"column":0},"end":{"line":1,"column":83}},"1":{"start":{"line":5,"column":32},"end":{"line":14,"column":null}},"2":{"start":{"line":6,"column":19},"end":{"line":6,"column":65}},"3":{"start":{"line":9,"column":16},"end":{"line":9,"column":60}},"4":{"start":{"line":10,"column":28},"end":{"line":10,"column":49}},"5":{"start":{"line":11,"column":4},"end":{"line":11,"column":85}},"6":{"start":{"line":12,"column":4},"end":{"line":12,"column":27}},"7":{"start":{"line":5,"column":13},"end":{"line":14,"column":null}},"8":{"start":{"line":5,"column":13},"end":{"line":5,"column":32}}},"fnMap":{"0":{"name":"(anonymous_1)","decl":{"start":{"line":5,"column":0},"end":{"line":5,"column":13}},"loc":{"start":{"line":5,"column":0},"end":{"line":14,"column":1}}},"1":{"name":"(anonymous_2)","decl":{"start":{"line":8,"column":2},"end":{"line":8,"column":13}},"loc":{"start":{"line":8,"column":39},"end":{"line":13,"column":3}}}},"branchMap":{"0":{"loc":{"start":{"line":11,"column":24},"end":{"line":11,"column":83}},"type":"cond-expr","locations":[{"start":{"line":11,"column":42},"end":{"line":11,"column":59}},{"start":{"line":11,"column":62},"end":{"line":11,"column":83}}]}},"s":{"0":3,"1":3,"2":7,"3":0,"4":0,"5":0,"6":0,"7":3,"8":3},"f":{"0":7,"1":0},"b":{"0":[0,0]}}
,"/home/runner/work/todo-app/todo-app/server/src/auth/guards/authorization.guard.ts": {"path":"/home/runner/work/todo-app/todo-app/server/src/auth/guards/authorization.guard.ts","statementMap":{"0":{"start":{"line":1,"column":0},"end":{"line":1,"column":83}},"1":{"start":{"line":2,"column":0},"end":{"line":2,"column":41}},"2":{"start":{"line":5,"column":0},"end":{"line":5,"column":58}},"3":{"start":{"line":8,"column":31},"end":{"line":27,"column":null}},"4":{"start":{"line":11,"column":31},"end":{"line":11,"column":42}},"5":{"start":{"line":9,"column":19},"end":{"line":9,"column":64}},"6":{"start":{"line":14,"column":18},"end":{"line":17,"column":6}},"7":{"start":{"line":18,"column":4},"end":{"line":20,"column":null}},"8":{"start":{"line":19,"column":6},"end":{"line":19,"column":18}},"9":{"start":{"line":21,"column":16},"end":{"line":21,"column":60}},"10":{"start":{"line":22,"column":17},"end":{"line":22,"column":42}},"11":{"start":{"line":23,"column":25},"end":{"line":23,"column":58}},"12":{"start":{"line":24,"column":4},"end":{"line":24,"column":76}},"13":{"start":{"line":25,"column":4},"end":{"line":25,"column":24}},"14":{"start":{"line":8,"column":13},"end":{"line":27,"column":null}},"15":{"start":{"line":8,"column":13},"end":{"line":8,"column":31}}},"fnMap":{"0":{"name":"(anonymous_2)","decl":{"start":{"line":11,"column":2},"end":{"line":11,"column":31}},"loc":{"start":{"line":11,"column":51},"end":{"line":11,"column":55}}},"1":{"name":"(anonymous_3)","decl":{"start":{"line":13,"column":2},"end":{"line":13,"column":13}},"loc":{"start":{"line":13,"column":39},"end":{"line":26,"column":3}}}},"branchMap":{"0":{"loc":{"start":{"line":18,"column":4},"end":{"line":20,"column":null}},"type":"if","locations":[{"start":{"line":18,"column":4},"end":{"line":20,"column":null}}]},"1":{"loc":{"start":{"line":18,"column":8},"end":{"line":18,"column":36}},"type":"binary-expr","locations":[{"start":{"line":18,"column":8},"end":{"line":18,"column":14}},{"start":{"line":18,"column":18},"end":{"line":18,"column":36}}]},"2":{"loc":{"start":{"line":23,"column":25},"end":{"line":23,"column":58}},"type":"binary-expr","locations":[{"start":{"line":23,"column":25},"end":{"line":23,"column":29}},{"start":{"line":23,"column":33},"end":{"line":23,"column":58}}]},"3":{"loc":{"start":{"line":24,"column":24},"end":{"line":24,"column":74}},"type":"cond-expr","locations":[{"start":{"line":24,"column":39},"end":{"line":24,"column":53}},{"start":{"line":24,"column":56},"end":{"line":24,"column":74}}]}},"s":{"0":3,"1":3,"2":3,"3":3,"4":7,"5":7,"6":0,"7":0,"8":0,"9":0,"10":0,"11":0,"12":0,"13":0,"14":3,"15":3},"f":{"0":7,"1":0},"b":{"0":[0],"1":[0,0],"2":[0,0],"3":[0,0]}}
,"/home/runner/work/todo-app/todo-app/server/src/auth/guards/no-authentication.guard.ts": {"path":"/home/runner/work/todo-app/todo-app/server/src/auth/guards/no-authentication.guard.ts","statementMap":{"0":{"start":{"line":1,"column":0},"end":{"line":1,"column":83}},"1":{"start":{"line":5,"column":34},"end":{"line":14,"column":null}},"2":{"start":{"line":6,"column":19},"end":{"line":6,"column":67}},"3":{"start":{"line":9,"column":16},"end":{"line":9,"column":60}},"4":{"start":{"line":10,"column":30},"end":{"line":10,"column":53}},"5":{"start":{"line":11,"column":4},"end":{"line":11,"column":87}},"6":{"start":{"line":12,"column":4},"end":{"line":12,"column":29}},"7":{"start":{"line":5,"column":13},"end":{"line":14,"column":null}},"8":{"start":{"line":5,"column":13},"end":{"line":5,"column":34}}},"fnMap":{"0":{"name":"(anonymous_1)","decl":{"start":{"line":5,"column":0},"end":{"line":5,"column":13}},"loc":{"start":{"line":5,"column":0},"end":{"line":14,"column":1}}},"1":{"name":"(anonymous_2)","decl":{"start":{"line":8,"column":2},"end":{"line":8,"column":13}},"loc":{"start":{"line":8,"column":39},"end":{"line":13,"column":3}}}},"branchMap":{"0":{"loc":{"start":{"line":11,"column":24},"end":{"line":11,"column":85}},"type":"cond-expr","locations":[{"start":{"line":11,"column":44},"end":{"line":11,"column":65}},{"start":{"line":11,"column":68},"end":{"line":11,"column":85}}]}},"s":{"0":1,"1":1,"2":1,"3":0,"4":0,"5":0,"6":0,"7":1,"8":1},"f":{"0":1,"1":0},"b":{"0":[0,0]}}
,"/home/runner/work/todo-app/todo-app/server/src/auth/passport/guards/google-auth.guard.ts": {"path":"/home/runner/work/todo-app/todo-app/server/src/auth/passport/guards/google-auth.guard.ts","statementMap":{"0":{"start":{"line":1,"column":0},"end":{"line":1,"column":93}},"1":{"start":{"line":2,"column":0},"end":{"line":2,"column":41}},"2":{"start":{"line":3,"column":0},"end":{"line":3,"column":45}},"3":{"start":{"line":4,"column":0},"end":{"line":4,"column":70}},"4":{"start":{"line":7,"column":28},"end":{"line":32,"column":null}},"5":{"start":{"line":11,"column":4},"end":{"line":11,"column":12}},"6":{"start":{"line":10,"column":31},"end":{"line":10,"column":42}},"7":{"start":{"line":8,"column":19},"end":{"line":8,"column":61}},"8":{"start":{"line":15,"column":21},"end":{"line":18,"column":6}},"9":{"start":{"line":19,"column":4},"end":{"line":19,"column":50}},"10":{"start":{"line":23,"column":28},"end":{"line":23,"column":40}},"11":{"start":{"line":24,"column":4},"end":{"line":26,"column":6}},"12":{"start":{"line":27,"column":4},"end":{"line":29,"column":null}},"13":{"start":{"line":28,"column":6},"end":{"line":28,"column":60}},"14":{"start":{"line":30,"column":4},"end":{"line":30,"column":16}},"15":{"start":{"line":7,"column":13},"end":{"line":32,"column":null}},"16":{"start":{"line":7,"column":13},"end":{"line":7,"column":28}}},"fnMap":{"0":{"name":"(anonymous_2)","decl":{"start":{"line":10,"column":2},"end":{"line":10,"column":31}},"loc":{"start":{"line":10,"column":51},"end":{"line":12,"column":3}}},"1":{"name":"(anonymous_3)","decl":{"start":{"line":14,"column":2},"end":{"line":14,"column":13}},"loc":{"start":{"line":14,"column":39},"end":{"line":20,"column":3}}},"2":{"name":"(anonymous_4)","decl":{"start":{"line":22,"column":2},"end":{"line":22,"column":15}},"loc":{"start":{"line":22,"column":74},"end":{"line":31,"column":3}}}},"branchMap":{"0":{"loc":{"start":{"line":19,"column":11},"end":{"line":19,"column":49}},"type":"binary-expr","locations":[{"start":{"line":19,"column":11},"end":{"line":19,"column":19}},{"start":{"line":19,"column":23},"end":{"line":19,"column":49}}]},"1":{"loc":{"start":{"line":23,"column":28},"end":{"line":23,"column":40}},"type":"binary-expr","locations":[{"start":{"line":23,"column":28},"end":{"line":23,"column":32}},{"start":{"line":23,"column":36},"end":{"line":23,"column":40}}]},"2":{"loc":{"start":{"line":25,"column":6},"end":{"line":25,"column":89}},"type":"cond-expr","locations":[{"start":{"line":25,"column":24},"end":{"line":25,"column":53}},{"start":{"line":25,"column":56},"end":{"line":25,"column":89}}]},"3":{"loc":{"start":{"line":27,"column":4},"end":{"line":29,"column":null}},"type":"if","locations":[{"start":{"line":27,"column":4},"end":{"line":29,"column":null}}]},"4":{"loc":{"start":{"line":28,"column":12},"end":{"line":28,"column":59}},"type":"binary-expr","locations":[{"start":{"line":28,"column":12},"end":{"line":28,"column":15}},{"start":{"line":28,"column":19},"end":{"line":28,"column":59}}]},"5":{"loc":{"start":{"line":28,"column":45},"end":{"line":28,"column":58}},"type":"cond-expr","locations":[{"start":{"line":28,"column":49},"end":{"line":28,"column":51}},{"start":{"line":28,"column":45},"end":{"line":28,"column":58}}]},"6":{"loc":{"start":{"line":28,"column":45},"end":{"line":28,"column":51}},"type":"binary-expr","locations":[{"start":{"line":28,"column":45},"end":{"line":28,"column":51}},{"start":{"line":28,"column":45},"end":{"line":28,"column":51}}]}},"s":{"0":1,"1":1,"2":1,"3":1,"4":1,"5":1,"6":1,"7":1,"8":0,"9":0,"10":0,"11":0,"12":0,"13":0,"14":0,"15":1,"16":1},"f":{"0":1,"1":0,"2":0},"b":{"0":[0,0],"1":[0,0],"2":[0,0],"3":[0],"4":[0,0],"5":[0,0],"6":[0,0]}}
,"/home/runner/work/todo-app/todo-app/server/src/auth/passport/guards/jwt-auth.guard.ts": {"path":"/home/runner/work/todo-app/todo-app/server/src/auth/passport/guards/jwt-auth.guard.ts","statementMap":{"0":{"start":{"line":1,"column":0},"end":{"line":1,"column":91}},"1":{"start":{"line":2,"column":0},"end":{"line":2,"column":41}},"2":{"start":{"line":3,"column":0},"end":{"line":3,"column":45}},"3":{"start":{"line":4,"column":0},"end":{"line":4,"column":70}},"4":{"start":{"line":7,"column":25},"end":{"line":30,"column":null}},"5":{"start":{"line":11,"column":4},"end":{"line":11,"column":12}},"6":{"start":{"line":10,"column":31},"end":{"line":10,"column":42}},"7":{"start":{"line":8,"column":19},"end":{"line":8,"column":58}},"8":{"start":{"line":15,"column":21},"end":{"line":18,"column":6}},"9":{"start":{"line":19,"column":4},"end":{"line":19,"column":50}},"10":{"start":{"line":23,"column":23},"end":{"line":23,"column":35}},"11":{"start":{"line":24,"column":4},"end":{"line":24,"column":70}},"12":{"start":{"line":25,"column":4},"end":{"line":27,"column":null}},"13":{"start":{"line":26,"column":6},"end":{"line":26,"column":58}},"14":{"start":{"line":28,"column":4},"end":{"line":28,"column":16}},"15":{"start":{"line":7,"column":13},"end":{"line":30,"column":null}},"16":{"start":{"line":7,"column":13},"end":{"line":7,"column":25}}},"fnMap":{"0":{"name":"(anonymous_2)","decl":{"start":{"line":10,"column":2},"end":{"line":10,"column":31}},"loc":{"start":{"line":10,"column":51},"end":{"line":12,"column":3}}},"1":{"name":"(anonymous_3)","decl":{"start":{"line":14,"column":2},"end":{"line":14,"column":13}},"loc":{"start":{"line":14,"column":39},"end":{"line":20,"column":3}}},"2":{"name":"(anonymous_4)","decl":{"start":{"line":22,"column":2},"end":{"line":22,"column":15}},"loc":{"start":{"line":22,"column":74},"end":{"line":29,"column":3}}}},"branchMap":{"0":{"loc":{"start":{"line":19,"column":11},"end":{"line":19,"column":49}},"type":"binary-expr","locations":[{"start":{"line":19,"column":11},"end":{"line":19,"column":19}},{"start":{"line":19,"column":23},"end":{"line":19,"column":49}}]},"1":{"loc":{"start":{"line":23,"column":23},"end":{"line":23,"column":35}},"type":"binary-expr","locations":[{"start":{"line":23,"column":23},"end":{"line":23,"column":27}},{"start":{"line":23,"column":31},"end":{"line":23,"column":35}}]},"2":{"loc":{"start":{"line":24,"column":24},"end":{"line":24,"column":68}},"type":"cond-expr","locations":[{"start":{"line":24,"column":37},"end":{"line":24,"column":50}},{"start":{"line":24,"column":53},"end":{"line":24,"column":68}}]},"3":{"loc":{"start":{"line":25,"column":4},"end":{"line":27,"column":null}},"type":"if","locations":[{"start":{"line":25,"column":4},"end":{"line":27,"column":null}}]},"4":{"loc":{"start":{"line":26,"column":12},"end":{"line":26,"column":57}},"type":"binary-expr","locations":[{"start":{"line":26,"column":12},"end":{"line":26,"column":15}},{"start":{"line":26,"column":19},"end":{"line":26,"column":57}}]},"5":{"loc":{"start":{"line":26,"column":43},"end":{"line":26,"column":56}},"type":"cond-expr","locations":[{"start":{"line":26,"column":47},"end":{"line":26,"column":49}},{"start":{"line":26,"column":43},"end":{"line":26,"column":56}}]},"6":{"loc":{"start":{"line":26,"column":43},"end":{"line":26,"column":49}},"type":"binary-expr","locations":[{"start":{"line":26,"column":43},"end":{"line":26,"column":49}},{"start":{"line":26,"column":43},"end":{"line":26,"column":49}}]}},"s":{"0":3,"1":3,"2":3,"3":3,"4":3,"5":7,"6":7,"7":7,"8":0,"9":0,"10":0,"11":0,"12":0,"13":0,"14":0,"15":3,"16":3},"f":{"0":7,"1":0,"2":0},"b":{"0":[0,0],"1":[0,0],"2":[0,0],"3":[0],"4":[0,0],"5":[0,0],"6":[0,0]}}
,"/home/runner/work/todo-app/todo-app/server/src/auth/passport/guards/local-auth.guard.ts": {"path":"/home/runner/work/todo-app/todo-app/server/src/auth/passport/guards/local-auth.guard.ts","statementMap":{"0":{"start":{"line":1,"column":0},"end":{"line":1,"column":91}},"1":{"start":{"line":2,"column":0},"end":{"line":2,"column":41}},"2":{"start":{"line":3,"column":0},"end":{"line":3,"column":45}},"3":{"start":{"line":4,"column":0},"end":{"line":4,"column":70}},"4":{"start":{"line":7,"column":27},"end":{"line":32,"column":null}},"5":{"start":{"line":11,"column":4},"end":{"line":13,"column":7}},"6":{"start":{"line":10,"column":31},"end":{"line":10,"column":42}},"7":{"start":{"line":8,"column":19},"end":{"line":8,"column":60}},"8":{"start":{"line":17,"column":21},"end":{"line":20,"column":6}},"9":{"start":{"line":21,"column":4},"end":{"line":21,"column":50}},"10":{"start":{"line":25,"column":28},"end":{"line":25,"column":40}},"11":{"start":{"line":26,"column":4},"end":{"line":26,"column":85}},"12":{"start":{"line":27,"column":4},"end":{"line":29,"column":null}},"13":{"start":{"line":28,"column":6},"end":{"line":28,"column":58}},"14":{"start":{"line":30,"column":4},"end":{"line":30,"column":16}},"15":{"start":{"line":7,"column":13},"end":{"line":32,"column":null}},"16":{"start":{"line":7,"column":13},"end":{"line":7,"column":27}}},"fnMap":{"0":{"name":"(anonymous_2)","decl":{"start":{"line":10,"column":2},"end":{"line":10,"column":31}},"loc":{"start":{"line":10,"column":51},"end":{"line":14,"column":3}}},"1":{"name":"(anonymous_3)","decl":{"start":{"line":16,"column":2},"end":{"line":16,"column":13}},"loc":{"start":{"line":16,"column":39},"end":{"line":22,"column":3}}},"2":{"name":"(anonymous_4)","decl":{"start":{"line":24,"column":2},"end":{"line":24,"column":15}},"loc":{"start":{"line":24,"column":74},"end":{"line":31,"column":3}}}},"branchMap":{"0":{"loc":{"start":{"line":21,"column":11},"end":{"line":21,"column":49}},"type":"binary-expr","locations":[{"start":{"line":21,"column":11},"end":{"line":21,"column":19}},{"start":{"line":21,"column":23},"end":{"line":21,"column":49}}]},"1":{"loc":{"start":{"line":25,"column":28},"end":{"line":25,"column":40}},"type":"binary-expr","locations":[{"start":{"line":25,"column":28},"end":{"line":25,"column":32}},{"start":{"line":25,"column":36},"end":{"line":25,"column":40}}]},"2":{"loc":{"start":{"line":26,"column":24},"end":{"line":26,"column":83}},"type":"cond-expr","locations":[{"start":{"line":26,"column":42},"end":{"line":26,"column":60}},{"start":{"line":26,"column":63},"end":{"line":26,"column":83}}]},"3":{"loc":{"start":{"line":27,"column":4},"end":{"line":29,"column":null}},"type":"if","locations":[{"start":{"line":27,"column":4},"end":{"line":29,"column":null}}]},"4":{"loc":{"start":{"line":28,"column":12},"end":{"line":28,"column":57}},"type":"binary-expr","locations":[{"start":{"line":28,"column":12},"end":{"line":28,"column":15}},{"start":{"line":28,"column":19},"end":{"line":28,"column":57}}]},"5":{"loc":{"start":{"line":28,"column":43},"end":{"line":28,"column":56}},"type":"cond-expr","locations":[{"start":{"line":28,"column":47},"end":{"line":28,"column":49}},{"start":{"line":28,"column":43},"end":{"line":28,"column":56}}]},"6":{"loc":{"start":{"line":28,"column":43},"end":{"line":28,"column":49}},"type":"binary-expr","locations":[{"start":{"line":28,"column":43},"end":{"line":28,"column":49}},{"start":{"line":28,"column":43},"end":{"line":28,"column":49}}]}},"s":{"0":1,"1":1,"2":1,"3":1,"4":1,"5":1,"6":1,"7":1,"8":0,"9":0,"10":0,"11":0,"12":0,"13":0,"14":0,"15":1,"16":1},"f":{"0":1,"1":0,"2":0},"b":{"0":[0,0],"1":[0,0],"2":[0,0],"3":[0],"4":[0,0],"5":[0,0],"6":[0,0]}}
,"/home/runner/work/todo-app/todo-app/server/src/auth/passport/guards/optional-jwt-auth.guard.ts": {"path":"/home/runner/work/todo-app/todo-app/server/src/auth/passport/guards/optional-jwt-auth.guard.ts","statementMap":{"0":{"start":{"line":1,"column":0},"end":{"line":1,"column":70}},"1":{"start":{"line":2,"column":0},"end":{"line":2,"column":41}},"2":{"start":{"line":3,"column":0},"end":{"line":3,"column":45}},"3":{"start":{"line":4,"column":0},"end":{"line":4,"column":70}},"4":{"start":{"line":7,"column":33},"end":{"line":27,"column":null}},"5":{"start":{"line":11,"column":4},"end":{"line":11,"column":12}},"6":{"start":{"line":10,"column":31},"end":{"line":10,"column":42}},"7":{"start":{"line":8,"column":19},"end":{"line":8,"column":66}},"8":{"start":{"line":15,"column":21},"end":{"line":18,"column":6}},"9":{"start":{"line":19,"column":4},"end":{"line":19,"column":50}},"10":{"start":{"line":23,"column":23},"end":{"line":23,"column":35}},"11":{"start":{"line":24,"column":4},"end":{"line":24,"column":71}},"12":{"start":{"line":25,"column":4},"end":{"line":25,"column":41}},"13":{"start":{"line":7,"column":13},"end":{"line":27,"column":null}},"14":{"start":{"line":7,"column":13},"end":{"line":7,"column":33}}},"fnMap":{"0":{"name":"(anonymous_2)","decl":{"start":{"line":10,"column":2},"end":{"line":10,"column":31}},"loc":{"start":{"line":10,"column":51},"end":{"line":12,"column":3}}},"1":{"name":"(anonymous_3)","decl":{"start":{"line":14,"column":2},"end":{"line":14,"column":13}},"loc":{"start":{"line":14,"column":39},"end":{"line":20,"column":3}}},"2":{"name":"(anonymous_4)","decl":{"start":{"line":22,"column":2},"end":{"line":22,"column":15}},"loc":{"start":{"line":22,"column":74},"end":{"line":26,"column":3}}}},"branchMap":{"0":{"loc":{"start":{"line":19,"column":11},"end":{"line":19,"column":49}},"type":"binary-expr","locations":[{"start":{"line":19,"column":11},"end":{"line":19,"column":19}},{"start":{"line":19,"column":23},"end":{"line":19,"column":49}}]},"1":{"loc":{"start":{"line":23,"column":23},"end":{"line":23,"column":35}},"type":"binary-expr","locations":[{"start":{"line":23,"column":23},"end":{"line":23,"column":27}},{"start":{"line":23,"column":31},"end":{"line":23,"column":35}}]},"2":{"loc":{"start":{"line":24,"column":24},"end":{"line":24,"column":69}},"type":"cond-expr","locations":[{"start":{"line":24,"column":37},"end":{"line":24,"column":50}},{"start":{"line":24,"column":53},"end":{"line":24,"column":69}}]},"3":{"loc":{"start":{"line":25,"column":11},"end":{"line":25,"column":40}},"type":"cond-expr","locations":[{"start":{"line":25,"column":24},"end":{"line":25,"column":28}},{"start":{"line":25,"column":31},"end":{"line":25,"column":40}}]}},"s":{"0":2,"1":2,"2":2,"3":2,"4":2,"5":6,"6":6,"7":6,"8":0,"9":0,"10":0,"11":0,"12":0,"13":2,"14":2},"f":{"0":6,"1":0,"2":0},"b":{"0":[0,0],"1":[0,0],"2":[0,0],"3":[0,0]}}
,"/home/runner/work/todo-app/todo-app/server/src/auth/passport/guards/vkontakte-auth.guard.ts": {"path":"/home/runner/work/todo-app/todo-app/server/src/auth/passport/guards/vkontakte-auth.guard.ts","statementMap":{"0":{"start":{"line":1,"column":0},"end":{"line":1,"column":93}},"1":{"start":{"line":2,"column":0},"end":{"line":2,"column":41}},"2":{"start":{"line":3,"column":0},"end":{"line":3,"column":45}},"3":{"start":{"line":4,"column":0},"end":{"line":4,"column":70}},"4":{"start":{"line":7,"column":31},"end":{"line":32,"column":null}},"5":{"start":{"line":11,"column":4},"end":{"line":11,"column":12}},"6":{"start":{"line":10,"column":31},"end":{"line":10,"column":42}},"7":{"start":{"line":8,"column":19},"end":{"line":8,"column":64}},"8":{"start":{"line":15,"column":21},"end":{"line":18,"column":6}},"9":{"start":{"line":19,"column":4},"end":{"line":19,"column":50}},"10":{"start":{"line":23,"column":28},"end":{"line":23,"column":40}},"11":{"start":{"line":24,"column":4},"end":{"line":26,"column":6}},"12":{"start":{"line":27,"column":4},"end":{"line":29,"column":null}},"13":{"start":{"line":28,"column":6},"end":{"line":28,"column":60}},"14":{"start":{"line":30,"column":4},"end":{"line":30,"column":16}},"15":{"start":{"line":7,"column":13},"end":{"line":32,"column":null}},"16":{"start":{"line":7,"column":13},"end":{"line":7,"column":31}}},"fnMap":{"0":{"name":"(anonymous_2)","decl":{"start":{"line":10,"column":2},"end":{"line":10,"column":31}},"loc":{"start":{"line":10,"column":51},"end":{"line":12,"column":3}}},"1":{"name":"(anonymous_3)","decl":{"start":{"line":14,"column":2},"end":{"line":14,"column":13}},"loc":{"start":{"line":14,"column":39},"end":{"line":20,"column":3}}},"2":{"name":"(anonymous_4)","decl":{"start":{"line":22,"column":2},"end":{"line":22,"column":15}},"loc":{"start":{"line":22,"column":74},"end":{"line":31,"column":3}}}},"branchMap":{"0":{"loc":{"start":{"line":19,"column":11},"end":{"line":19,"column":49}},"type":"binary-expr","locations":[{"start":{"line":19,"column":11},"end":{"line":19,"column":19}},{"start":{"line":19,"column":23},"end":{"line":19,"column":49}}]},"1":{"loc":{"start":{"line":23,"column":28},"end":{"line":23,"column":40}},"type":"binary-expr","locations":[{"start":{"line":23,"column":28},"end":{"line":23,"column":32}},{"start":{"line":23,"column":36},"end":{"line":23,"column":40}}]},"2":{"loc":{"start":{"line":25,"column":6},"end":{"line":25,"column":95}},"type":"cond-expr","locations":[{"start":{"line":25,"column":24},"end":{"line":25,"column":56}},{"start":{"line":25,"column":59},"end":{"line":25,"column":95}}]},"3":{"loc":{"start":{"line":27,"column":4},"end":{"line":29,"column":null}},"type":"if","locations":[{"start":{"line":27,"column":4},"end":{"line":29,"column":null}}]},"4":{"loc":{"start":{"line":28,"column":12},"end":{"line":28,"column":59}},"type":"binary-expr","locations":[{"start":{"line":28,"column":12},"end":{"line":28,"column":15}},{"start":{"line":28,"column":19},"end":{"line":28,"column":59}}]},"5":{"loc":{"start":{"line":28,"column":45},"end":{"line":28,"column":58}},"type":"cond-expr","locations":[{"start":{"line":28,"column":49},"end":{"line":28,"column":51}},{"start":{"line":28,"column":45},"end":{"line":28,"column":58}}]},"6":{"loc":{"start":{"line":28,"column":45},"end":{"line":28,"column":51}},"type":"binary-expr","locations":[{"start":{"line":28,"column":45},"end":{"line":28,"column":51}},{"start":{"line":28,"column":45},"end":{"line":28,"column":51}}]}},"s":{"0":1,"1":1,"2":1,"3":1,"4":1,"5":1,"6":1,"7":1,"8":0,"9":0,"10":0,"11":0,"12":0,"13":0,"14":0,"15":1,"16":1},"f":{"0":1,"1":0,"2":0},"b":{"0":[0,0],"1":[0,0],"2":[0,0],"3":[0],"4":[0,0],"5":[0,0],"6":[0,0]}}
,"/home/runner/work/todo-app/todo-app/server/src/auth/passport/strategies/google.strategy.ts": {"path":"/home/runner/work/todo-app/todo-app/server/src/auth/passport/strategies/google.strategy.ts","statementMap":{"0":{"start":{"line":1,"column":0},"end":{"line":1,"column":52}},"1":{"start":{"line":2,"column":0},"end":{"line":2,"column":47}},"2":{"start":{"line":3,"column":0},"end":{"line":3,"column":52}},"3":{"start":{"line":5,"column":0},"end":{"line":5,"column":51}},"4":{"start":{"line":7,"column":0},"end":{"line":7,"column":49}},"5":{"start":{"line":11,"column":27},"end":{"line":51,"column":null}},"6":{"start":{"line":15,"column":4},"end":{"line":21,"column":7}},"7":{"start":{"line":14,"column":31},"end":{"line":14,"column":44}},"8":{"start":{"line":14,"column":66},"end":{"line":14,"column":81}},"9":{"start":{"line":12,"column":19},"end":{"line":12,"column":60}},"10":{"start":{"line":30,"column":28},"end":{"line":30,"column":35}},"11":{"start":{"line":30,"column":23},"end":{"line":30,"column":28}},"12":{"start":{"line":31,"column":41},"end":{"line":33,"column":6}},"13":{"start":{"line":34,"column":49},"end":{"line":43,"column":6}},"14":{"start":{"line":44,"column":4},"end":{"line":49,"column":null}},"15":{"start":{"line":45,"column":19},"end":{"line":45,"column":44}},"16":{"start":{"line":46,"column":6},"end":{"line":46,"column":70}},"17":{"start":{"line":48,"column":6},"end":{"line":48,"column":66}},"18":{"start":{"line":11,"column":13},"end":{"line":51,"column":null}},"19":{"start":{"line":11,"column":13},"end":{"line":11,"column":27}}},"fnMap":{"0":{"name":"(anonymous_3)","decl":{"start":{"line":14,"column":2},"end":{"line":14,"column":31}},"loc":{"start":{"line":14,"column":94},"end":{"line":22,"column":3}}},"1":{"name":"(anonymous_4)","decl":{"start":{"line":24,"column":2},"end":{"line":24,"column":7}},"loc":{"start":{"line":28,"column":16},"end":{"line":50,"column":3}}}},"branchMap":{"0":{"loc":{"start":{"line":44,"column":4},"end":{"line":49,"column":null}},"type":"if","locations":[{"start":{"line":44,"column":4},"end":{"line":49,"column":null}},{"start":{"line":47,"column":11},"end":{"line":49,"column":null}}]}},"s":{"0":0,"1":0,"2":0,"3":0,"4":0,"5":0,"6":0,"7":0,"8":0,"9":0,"10":0,"11":0,"12":0,"13":0,"14":0,"15":0,"16":0,"17":0,"18":0,"19":0},"f":{"0":0,"1":0},"b":{"0":[0,0]}}
,"/home/runner/work/todo-app/todo-app/server/src/auth/passport/strategies/jwt.strategy.ts": {"path":"/home/runner/work/todo-app/todo-app/server/src/auth/passport/strategies/jwt.strategy.ts","statementMap":{"0":{"start":{"line":1,"column":0},"end":{"line":1,"column":44}},"1":{"start":{"line":2,"column":0},"end":{"line":2,"column":47}},"2":{"start":{"line":3,"column":0},"end":{"line":3,"column":52}},"3":{"start":{"line":4,"column":0},"end":{"line":4,"column":52}},"4":{"start":{"line":6,"column":0},"end":{"line":6,"column":49}},"5":{"start":{"line":9,"column":0},"end":{"line":22,"column":null}},"6":{"start":{"line":11,"column":4},"end":{"line":15,"column":7}},"7":{"start":{"line":10,"column":22},"end":{"line":10,"column":37}},"8":{"start":{"line":10,"column":60},"end":{"line":10,"column":73}},"9":{"start":{"line":19,"column":15},"end":{"line":19,"column":26}},"10":{"start":{"line":20,"column":4},"end":{"line":20,"column":46}},"11":{"start":{"line":9,"column":13},"end":{"line":22,"column":null}},"12":{"start":{"line":9,"column":13},"end":{"line":9,"column":24}}},"fnMap":{"0":{"name":"(anonymous_2)","decl":{"start":{"line":10,"column":2},"end":{"line":10,"column":22}},"loc":{"start":{"line":10,"column":84},"end":{"line":16,"column":3}}},"1":{"name":"(anonymous_3)","decl":{"start":{"line":18,"column":2},"end":{"line":18,"column":7}},"loc":{"start":{"line":18,"column":29},"end":{"line":21,"column":3}}}},"branchMap":{},"s":{"0":0,"1":0,"2":0,"3":0,"4":0,"5":0,"6":0,"7":0,"8":0,"9":0,"10":0,"11":0,"12":0},"f":{"0":0,"1":0},"b":{}}
,"/home/runner/work/todo-app/todo-app/server/src/auth/passport/strategies/local.strategy.ts": {"path":"/home/runner/work/todo-app/todo-app/server/src/auth/passport/strategies/local.strategy.ts","statementMap":{"0":{"start":{"line":1,"column":0},"end":{"line":1,"column":44}},"1":{"start":{"line":2,"column":0},"end":{"line":2,"column":52}},"2":{"start":{"line":3,"column":0},"end":{"line":3,"column":42}},"3":{"start":{"line":5,"column":0},"end":{"line":5,"column":49}},"4":{"start":{"line":8,"column":0},"end":{"line":19,"column":null}},"5":{"start":{"line":10,"column":4},"end":{"line":13,"column":7}},"6":{"start":{"line":9,"column":22},"end":{"line":9,"column":35}},"7":{"start":{"line":17,"column":4},"end":{"line":17,"column":58}},"8":{"start":{"line":8,"column":13},"end":{"line":19,"column":null}},"9":{"start":{"line":8,"column":13},"end":{"line":8,"column":26}}},"fnMap":{"0":{"name":"(anonymous_2)","decl":{"start":{"line":9,"column":2},"end":{"line":9,"column":22}},"loc":{"start":{"line":9,"column":46},"end":{"line":14,"column":3}}},"1":{"name":"(anonymous_3)","decl":{"start":{"line":16,"column":2},"end":{"line":16,"column":7}},"loc":{"start":{"line":16,"column":51},"end":{"line":18,"column":3}}}},"branchMap":{},"s":{"0":0,"1":0,"2":0,"3":0,"4":0,"5":0,"6":0,"7":0,"8":0,"9":0},"f":{"0":0,"1":0},"b":{}}
,"/home/runner/work/todo-app/todo-app/server/src/auth/passport/strategies/vkontakte.strategy.ts": {"path":"/home/runner/work/todo-app/todo-app/server/src/auth/passport/strategies/vkontakte.strategy.ts","statementMap":{"0":{"start":{"line":1,"column":0},"end":{"line":1,"column":52}},"1":{"start":{"line":2,"column":0},"end":{"line":2,"column":47}},"2":{"start":{"line":3,"column":0},"end":{"line":3,"column":52}},"3":{"start":{"line":5,"column":0},"end":{"line":5,"column":46}},"4":{"start":{"line":7,"column":0},"end":{"line":7,"column":49}},"5":{"start":{"line":11,"column":30},"end":{"line":51,"column":null}},"6":{"start":{"line":15,"column":4},"end":{"line":21,"column":7}},"7":{"start":{"line":14,"column":31},"end":{"line":14,"column":44}},"8":{"start":{"line":14,"column":66},"end":{"line":14,"column":81}},"9":{"start":{"line":12,"column":19},"end":{"line":12,"column":63}},"10":{"start":{"line":30,"column":28},"end":{"line":30,"column":35}},"11":{"start":{"line":30,"column":23},"end":{"line":30,"column":28}},"12":{"start":{"line":31,"column":41},"end":{"line":33,"column":6}},"13":{"start":{"line":34,"column":49},"end":{"line":43,"column":6}},"14":{"start":{"line":44,"column":4},"end":{"line":49,"column":null}},"15":{"start":{"line":45,"column":19},"end":{"line":45,"column":44}},"16":{"start":{"line":46,"column":6},"end":{"line":46,"column":70}},"17":{"start":{"line":48,"column":6},"end":{"line":48,"column":66}},"18":{"start":{"line":11,"column":13},"end":{"line":51,"column":null}},"19":{"start":{"line":11,"column":13},"end":{"line":11,"column":30}}},"fnMap":{"0":{"name":"(anonymous_3)","decl":{"start":{"line":14,"column":2},"end":{"line":14,"column":31}},"loc":{"start":{"line":14,"column":94},"end":{"line":22,"column":3}}},"1":{"name":"(anonymous_4)","decl":{"start":{"line":24,"column":2},"end":{"line":24,"column":7}},"loc":{"start":{"line":28,"column":16},"end":{"line":50,"column":3}}}},"branchMap":{"0":{"loc":{"start":{"line":44,"column":4},"end":{"line":49,"column":null}},"type":"if","locations":[{"start":{"line":44,"column":4},"end":{"line":49,"column":null}},{"start":{"line":47,"column":11},"end":{"line":49,"column":null}}]}},"s":{"0":0,"1":0,"2":0,"3":0,"4":0,"5":0,"6":0,"7":0,"8":0,"9":0,"10":0,"11":0,"12":0,"13":0,"14":0,"15":0,"16":0,"17":0,"18":0,"19":0},"f":{"0":0,"1":0},"b":{"0":[0,0]}}
,"/home/runner/work/todo-app/todo-app/server/src/common/testing.ts": {"path":"/home/runner/work/todo-app/todo-app/server/src/common/testing.ts","statementMap":{"0":{"start":{"line":6,"column":2},"end":{"line":6,"column":96}},"1":{"start":{"line":6,"column":59},"end":{"line":6,"column":62}},"2":{"start":{"line":13,"column":14},"end":{"line":13,"column":34}},"3":{"start":{"line":15,"column":18},"end":{"line":15,"column":69}},"4":{"start":{"line":16,"column":2},"end":{"line":18,"column":null}},"5":{"start":{"line":17,"column":4},"end":{"line":17,"column":51}},"6":{"start":{"line":20,"column":21},"end":{"line":20,"column":56}},"7":{"start":{"line":21,"column":2},"end":{"line":29,"column":null}},"8":{"start":{"line":22,"column":4},"end":{"line":22,"column":53}},"9":{"start":{"line":23,"column":23},"end":{"line":27,"column":6}},"10":{"start":{"line":28,"column":4},"end":{"line":28,"column":53}},"11":{"start":{"line":31,"column":2},"end":{"line":31,"column":13}},"12":{"start":{"line":9,"column":0},"end":{"line":9,"column":16}}},"fnMap":{"0":{"name":"normalize","decl":{"start":{"line":3,"column":9},"end":{"line":3,"column":18}},"loc":{"start":{"line":4,"column":53},"end":{"line":7,"column":1}}},"1":{"name":"(anonymous_1)","decl":{"start":{"line":6,"column":52},"end":{"line":6,"column":53}},"loc":{"start":{"line":6,"column":59},"end":{"line":6,"column":62}}},"2":{"name":"createMockObj","decl":{"start":{"line":9,"column":16},"end":{"line":9,"column":29}},"loc":{"start":{"line":11,"column":36},"end":{"line":32,"column":1}}}},"branchMap":{"0":{"loc":{"start":{"line":6,"column":9},"end":{"line":6,"column":95}},"type":"cond-expr","locations":[{"start":{"line":6,"column":37},"end":{"line":6,"column":63}},{"start":{"line":6,"column":66},"end":{"line":6,"column":95}}]},"1":{"loc":{"start":{"line":15,"column":51},"end":{"line":15,"column":68}},"type":"cond-expr","locations":[{"start":{"line":15,"column":51},"end":{"line":15,"column":62}},{"start":{"line":15,"column":66},"end":{"line":15,"column":68}}]},"2":{"loc":{"start":{"line":15,"column":51},"end":{"line":15,"column":66}},"type":"binary-expr","locations":[{"start":{"line":15,"column":51},"end":{"line":15,"column":66}},{"start":{"line":15,"column":51},"end":{"line":15,"column":66}}]},"3":{"loc":{"start":{"line":20,"column":36},"end":{"line":20,"column":55}},"type":"cond-expr","locations":[{"start":{"line":20,"column":36},"end":{"line":20,"column":49}},{"start":{"line":20,"column":53},"end":{"line":20,"column":55}}]},"4":{"loc":{"start":{"line":20,"column":36},"end":{"line":20,"column":53}},"type":"binary-expr","locations":[{"start":{"line":20,"column":36},"end":{"line":20,"column":53}},{"start":{"line":20,"column":36},"end":{"line":20,"column":53}}]}},"s":{"0":40,"1":38,"2":20,"3":20,"4":20,"5":38,"6":20,"7":20,"8":0,"9":0,"10":0,"11":20,"12":6},"f":{"0":40,"1":38,"2":20},"b":{"0":[40,0],"1":[17,3],"2":[20,20],"3":[0,20],"4":[20,20]}}
,"/home/runner/work/todo-app/todo-app/server/src/common/utilities.ts": {"path":"/home/runner/work/todo-app/todo-app/server/src/common/utilities.ts","statementMap":{"0":{"start":{"line":13,"column":2},"end":{"line":13,"column":96}},"1":{"start":{"line":13,"column":41},"end":{"line":13,"column":75}},"2":{"start":{"line":12,"column":0},"end":{"line":12,"column":16}},"3":{"start":{"line":17,"column":2},"end":{"line":17,"column":83}},"4":{"start":{"line":17,"column":41},"end":{"line":17,"column":68}},"5":{"start":{"line":16,"column":0},"end":{"line":16,"column":16}}},"fnMap":{"0":{"name":"pick","decl":{"start":{"line":12,"column":16},"end":{"line":12,"column":20}},"loc":{"start":{"line":12,"column":64},"end":{"line":14,"column":1}}},"1":{"name":"(anonymous_1)","decl":{"start":{"line":13,"column":22},"end":{"line":13,"column":23}},"loc":{"start":{"line":13,"column":41},"end":{"line":13,"column":75}}},"2":{"name":"omit","decl":{"start":{"line":16,"column":16},"end":{"line":16,"column":20}},"loc":{"start":{"line":16,"column":64},"end":{"line":18,"column":1}}},"3":{"name":"(anonymous_3)","decl":{"start":{"line":17,"column":22},"end":{"line":17,"column":23}},"loc":{"start":{"line":17,"column":41},"end":{"line":17,"column":68}}}},"branchMap":{},"s":{"0":0,"1":0,"2":2,"3":0,"4":0,"5":2},"f":{"0":0,"1":0,"2":0,"3":0},"b":{}}
,"/home/runner/work/todo-app/todo-app/server/src/common/interfaces/account.interface.ts": {"path":"/home/runner/work/todo-app/todo-app/server/src/common/interfaces/account.interface.ts","statementMap":{"0":{"start":{"line":4,"column":13},"end":{"line":4,"column":73}}},"fnMap":{},"branchMap":{},"s":{"0":0},"f":{},"b":{}}
,"/home/runner/work/todo-app/todo-app/server/src/common/interfaces/user.interface.ts": {"path":"/home/runner/work/todo-app/todo-app/server/src/common/interfaces/user.interface.ts","statementMap":{"0":{"start":{"line":4,"column":13},"end":{"line":4,"column":65}}},"fnMap":{},"branchMap":{},"s":{"0":0},"f":{},"b":{}}
,"/home/runner/work/todo-app/todo-app/server/src/tasks/tasks.controller.ts": {"path":"/home/runner/work/todo-app/todo-app/server/src/tasks/tasks.controller.ts","statementMap":{"0":{"start":{"line":1,"column":0},"end":{"line":1,"column":83}},"1":{"start":{"line":2,"column":0},"end":{"line":2,"column":42}},"2":{"start":{"line":3,"column":0},"end":{"line":3,"column":57}},"3":{"start":{"line":4,"column":0},"end":{"line":4,"column":63}},"4":{"start":{"line":5,"column":0},"end":{"line":5,"column":54}},"5":{"start":{"line":6,"column":0},"end":{"line":6,"column":63}},"6":{"start":{"line":7,"column":0},"end":{"line":7,"column":54}},"7":{"start":{"line":8,"column":0},"end":{"line":8,"column":47}},"8":{"start":{"line":13,"column":0},"end":{"line":65,"column":null}},"9":{"start":{"line":14,"column":31},"end":{"line":14,"column":45}},"10":{"start":{"line":18,"column":4},"end":{"line":18,"column":55}},"11":{"start":{"line":23,"column":4},"end":{"line":23,"column":44}},"12":{"start":{"line":28,"column":4},"end":{"line":28,"column":45}},"13":{"start":{"line":33,"column":4},"end":{"line":33,"column":59}},"14":{"start":{"line":38,"column":4},"end":{"line":38,"column":44}},"15":{"start":{"line":43,"column":4},"end":{"line":43,"column":59}},"16":{"start":{"line":48,"column":4},"end":{"line":48,"column":44}},"17":{"start":{"line":53,"column":4},"end":{"line":53,"column":45}},"18":{"start":{"line":58,"column":4},"end":{"line":58,"column":63}},"19":{"start":{"line":63,"column":4},"end":{"line":63,"column":44}},"20":{"start":{"line":17,"column":2},"end":{"line":19,"column":null}},"21":{"start":{"line":22,"column":2},"end":{"line":24,"column":null}},"22":{"start":{"line":27,"column":2},"end":{"line":29,"column":null}},"23":{"start":{"line":32,"column":2},"end":{"line":34,"column":null}},"24":{"start":{"line":37,"column":2},"end":{"line":39,"column":null}},"25":{"start":{"line":42,"column":2},"end":{"line":44,"column":null}},"26":{"start":{"line":47,"column":2},"end":{"line":49,"column":null}},"27":{"start":{"line":52,"column":2},"end":{"line":54,"column":null}},"28":{"start":{"line":57,"column":2},"end":{"line":59,"column":null}},"29":{"start":{"line":62,"column":2},"end":{"line":64,"column":null}},"30":{"start":{"line":13,"column":13},"end":{"line":65,"column":null}},"31":{"start":{"line":13,"column":13},"end":{"line":13,"column":28}}},"fnMap":{"0":{"name":"(anonymous_4)","decl":{"start":{"line":14,"column":2},"end":{"line":14,"column":31}},"loc":{"start":{"line":14,"column":57},"end":{"line":14,"column":61}}},"1":{"name":"(anonymous_5)","decl":{"start":{"line":17,"column":2},"end":{"line":17,"column":12}},"loc":{"start":{"line":17,"column":49},"end":{"line":19,"column":3}}},"2":{"name":"(anonymous_6)","decl":{"start":{"line":22,"column":2},"end":{"line":22,"column":14}},"loc":{"start":{"line":22,"column":14},"end":{"line":24,"column":3}}},"3":{"name":"(anonymous_7)","decl":{"start":{"line":27,"column":2},"end":{"line":27,"column":13}},"loc":{"start":{"line":27,"column":37},"end":{"line":29,"column":3}}},"4":{"name":"(anonymous_8)","decl":{"start":{"line":32,"column":2},"end":{"line":32,"column":12}},"loc":{"start":{"line":32,"column":74},"end":{"line":34,"column":3}}},"5":{"name":"(anonymous_9)","decl":{"start":{"line":37,"column":2},"end":{"line":37,"column":12}},"loc":{"start":{"line":37,"column":36},"end":{"line":39,"column":3}}},"6":{"name":"(anonymous_10)","decl":{"start":{"line":42,"column":2},"end":{"line":42,"column":12}},"loc":{"start":{"line":42,"column":57},"end":{"line":44,"column":3}}},"7":{"name":"(anonymous_11)","decl":{"start":{"line":47,"column":2},"end":{"line":47,"column":14}},"loc":{"start":{"line":47,"column":14},"end":{"line":49,"column":3}}},"8":{"name":"(anonymous_12)","decl":{"start":{"line":52,"column":2},"end":{"line":52,"column":13}},"loc":{"start":{"line":52,"column":37},"end":{"line":54,"column":3}}},"9":{"name":"(anonymous_13)","decl":{"start":{"line":57,"column":2},"end":{"line":57,"column":12}},"loc":{"start":{"line":57,"column":82},"end":{"line":59,"column":3}}},"10":{"name":"(anonymous_14)","decl":{"start":{"line":62,"column":2},"end":{"line":62,"column":12}},"loc":{"start":{"line":62,"column":36},"end":{"line":64,"column":3}}}},"branchMap":{},"s":{"0":1,"1":1,"2":1,"3":1,"4":1,"5":1,"6":1,"7":1,"8":1,"9":1,"10":0,"11":0,"12":0,"13":0,"14":0,"15":0,"16":0,"17":0,"18":0,"19":0,"20":1,"21":1,"22":1,"23":1,"24":1,"25":1,"26":1,"27":1,"28":1,"29":1,"30":1,"31":1},"f":{"0":1,"1":0,"2":0,"3":0,"4":0,"5":0,"6":0,"7":0,"8":0,"9":0,"10":0},"b":{}}
,"/home/runner/work/todo-app/todo-app/server/src/tasks/tasks.module.ts": {"path":"/home/runner/work/todo-app/todo-app/server/src/tasks/tasks.module.ts","statementMap":{"0":{"start":{"line":1,"column":0},"end":{"line":1,"column":40}},"1":{"start":{"line":2,"column":0},"end":{"line":2,"column":48}},"2":{"start":{"line":3,"column":0},"end":{"line":3,"column":55}},"3":{"start":{"line":4,"column":0},"end":{"line":4,"column":46}},"4":{"start":{"line":5,"column":0},"end":{"line":5,"column":53}},"5":{"start":{"line":6,"column":0},"end":{"line":6,"column":47}},"6":{"start":{"line":13,"column":0},"end":{"line":13,"column":null}},"7":{"start":{"line":13,"column":13},"end":{"line":13,"column":null}},"8":{"start":{"line":13,"column":13},"end":{"line":13,"column":24}}},"fnMap":{},"branchMap":{},"s":{"0":0,"1":0,"2":0,"3":0,"4":0,"5":0,"6":0,"7":0,"8":0},"f":{},"b":{}}
,"/home/runner/work/todo-app/todo-app/server/src/tasks/tasks.service.ts": {"path":"/home/runner/work/todo-app/todo-app/server/src/tasks/tasks.service.ts","statementMap":{"0":{"start":{"line":1,"column":0},"end":{"line":1,"column":44}},"1":{"start":{"line":2,"column":0},"end":{"line":2,"column":51}},"2":{"start":{"line":3,"column":0},"end":{"line":3,"column":37}},"3":{"start":{"line":8,"column":0},"end":{"line":8,"column":55}},"4":{"start":{"line":9,"column":0},"end":{"line":9,"column":46}},"5":{"start":{"line":12,"column":0},"end":{"line":78,"column":null}},"6":{"start":{"line":15,"column":21},"end":{"line":15,"column":37}},"7":{"start":{"line":17,"column":21},"end":{"line":17,"column":37}},"8":{"start":{"line":21,"column":17},"end":{"line":21,"column":27}},"9":{"start":{"line":22,"column":4},"end":{"line":22,"column":37}},"10":{"start":{"line":23,"column":4},"end":{"line":23,"column":49}},"11":{"start":{"line":24,"column":4},"end":{"line":24,"column":24}},"12":{"start":{"line":25,"column":17},"end":{"line":27,"column":6}},"13":{"start":{"line":28,"column":4},"end":{"line":28,"column":26}},"14":{"start":{"line":29,"column":4},"end":{"line":29,"column":42}},"15":{"start":{"line":33,"column":4},"end":{"line":33,"column":38}},"16":{"start":{"line":37,"column":4},"end":{"line":37,"column":43}},"17":{"start":{"line":41,"column":4},"end":{"line":45,"column":7}},"18":{"start":{"line":49,"column":4},"end":{"line":49,"column":42}},"19":{"start":{"line":53,"column":17},"end":{"line":53,"column":31}},"20":{"start":{"line":54,"column":4},"end":{"line":54,"column":41}},"21":{"start":{"line":55,"column":4},"end":{"line":55,"column":20}},"22":{"start":{"line":56,"column":4},"end":{"line":56,"column":42}},"23":{"start":{"line":60,"column":18},"end":{"line":60,"column":74}},"24":{"start":{"line":61,"column":4},"end":{"line":63,"column":7}},"25":{"start":{"line":62,"column":6},"end":{"line":62,"column":45}},"26":{"start":{"line":62,"column":32},"end":{"line":62,"column":43}},"27":{"start":{"line":64,"column":4},"end":{"line":64,"column":17}},"28":{"start":{"line":68,"column":4},"end":{"line":68,"column":69}},"29":{"start":{"line":72,"column":4},"end":{"line":72,"column":78}},"30":{"start":{"line":76,"column":4},"end":{"line":76,"column":42}},"31":{"start":{"line":12,"column":13},"end":{"line":78,"column":null}},"32":{"start":{"line":12,"column":13},"end":{"line":12,"column":25}}},"fnMap":{"0":{"name":"(anonymous_4)","decl":{"start":{"line":13,"column":2},"end":{"line":13,"column":null}},"loc":{"start":{"line":17,"column":57},"end":{"line":18,"column":6}}},"1":{"name":"(anonymous_5)","decl":{"start":{"line":20,"column":9},"end":{"line":20,"column":14}},"loc":{"start":{"line":20,"column":54},"end":{"line":30,"column":3}}},"2":{"name":"(anonymous_6)","decl":{"start":{"line":32,"column":9},"end":{"line":32,"column":14}},"loc":{"start":{"line":32,"column":27},"end":{"line":34,"column":3}}},"3":{"name":"(anonymous_7)","decl":{"start":{"line":36,"column":9},"end":{"line":36,"column":14}},"loc":{"start":{"line":36,"column":37},"end":{"line":38,"column":3}}},"4":{"name":"(anonymous_8)","decl":{"start":{"line":40,"column":9},"end":{"line":40,"column":14}},"loc":{"start":{"line":40,"column":66},"end":{"line":46,"column":3}}},"5":{"name":"(anonymous_9)","decl":{"start":{"line":48,"column":9},"end":{"line":48,"column":14}},"loc":{"start":{"line":48,"column":36},"end":{"line":50,"column":3}}},"6":{"name":"(anonymous_10)","decl":{"start":{"line":52,"column":9},"end":{"line":52,"column":14}},"loc":{"start":{"line":52,"column":62},"end":{"line":57,"column":3}}},"7":{"name":"(anonymous_11)","decl":{"start":{"line":59,"column":9},"end":{"line":59,"column":14}},"loc":{"start":{"line":59,"column":27},"end":{"line":65,"column":3}}},"8":{"name":"(anonymous_12)","decl":{"start":{"line":61,"column":18},"end":{"line":61,"column":19}},"loc":{"start":{"line":61,"column":27},"end":{"line":63,"column":5}}},"9":{"name":"(anonymous_13)","decl":{"start":{"line":62,"column":22},"end":{"line":62,"column":23}},"loc":{"start":{"line":62,"column":32},"end":{"line":62,"column":43}}},"10":{"name":"(anonymous_14)","decl":{"start":{"line":67,"column":9},"end":{"line":67,"column":14}},"loc":{"start":{"line":67,"column":37},"end":{"line":69,"column":3}}},"11":{"name":"(anonymous_15)","decl":{"start":{"line":71,"column":9},"end":{"line":71,"column":14}},"loc":{"start":{"line":71,"column":74},"end":{"line":73,"column":3}}},"12":{"name":"(anonymous_16)","decl":{"start":{"line":75,"column":9},"end":{"line":75,"column":14}},"loc":{"start":{"line":75,"column":36},"end":{"line":77,"column":3}}}},"branchMap":{},"s":{"0":2,"1":2,"2":2,"3":2,"4":2,"5":2,"6":1,"7":1,"8":0,"9":0,"10":0,"11":0,"12":0,"13":0,"14":0,"15":0,"16":0,"17":0,"18":0,"19":0,"20":0,"21":0,"22":0,"23":0,"24":0,"25":0,"26":0,"27":0,"28":0,"29":0,"30":0,"31":2,"32":2},"f":{"0":1,"1":0,"2":0,"3":0,"4":0,"5":0,"6":0,"7":0,"8":0,"9":0,"10":0,"11":0,"12":0},"b":{}}
,"/home/runner/work/todo-app/todo-app/server/src/tasks/dto/create-task-list.dto.ts": {"path":"/home/runner/work/todo-app/todo-app/server/src/tasks/dto/create-task-list.dto.ts","statementMap":{"0":{"start":{"line":1,"column":0},"end":{"line":1,"column":54}},"1":{"start":{"line":6,"column":2},"end":{"line":6,"column":null}},"2":{"start":{"line":3,"column":0},"end":{"line":3,"column":13}}},"fnMap":{},"branchMap":{},"s":{"0":1,"1":1,"2":1},"f":{},"b":{}}
,"/home/runner/work/todo-app/todo-app/server/src/tasks/dto/create-task.dto.ts": {"path":"/home/runner/work/todo-app/todo-app/server/src/tasks/dto/create-task.dto.ts","statementMap":{"0":{"start":{"line":1,"column":0},"end":{"line":1,"column":61}},"1":{"start":{"line":6,"column":2},"end":{"line":6,"column":null}},"2":{"start":{"line":9,"column":2},"end":{"line":9,"column":null}},"3":{"start":{"line":12,"column":2},"end":{"line":12,"column":null}},"4":{"start":{"line":3,"column":0},"end":{"line":3,"column":13}}},"fnMap":{},"branchMap":{},"s":{"0":1,"1":1,"2":1,"3":1,"4":1},"f":{},"b":{}}
,"/home/runner/work/todo-app/todo-app/server/src/tasks/dto/update-task-list.dto.ts": {"path":"/home/runner/work/todo-app/todo-app/server/src/tasks/dto/update-task-list.dto.ts","statementMap":{"0":{"start":{"line":1,"column":0},"end":{"line":1,"column":61}},"1":{"start":{"line":2,"column":0},"end":{"line":2,"column":51}},"2":{"start":{"line":3,"column":0},"end":{"line":3,"column":59}},"3":{"start":{"line":7,"column":2},"end":{"line":7,"column":null}},"4":{"start":{"line":11,"column":2},"end":{"line":11,"column":null}},"5":{"start":{"line":5,"column":0},"end":{"line":5,"column":13}}},"fnMap":{},"branchMap":{},"s":{"0":1,"1":1,"2":1,"3":1,"4":1,"5":1},"f":{},"b":{}}
[...]
,"/home/runner/work/todo-app/todo-app/server/src/users/users.module.ts": {"path":"/home/runner/work/todo-app/todo-app/server/src/users/users.module.ts","statementMap":{"0":{"start":{"line":1,"column":0},"end":{"line":1,"column":40}},"1":{"start":{"line":2,"column":0},"end":{"line":2,"column":48}},"2":{"start":{"line":3,"column":0},"end":{"line":3,"column":52}},"3":{"start":{"line":4,"column":0},"end":{"line":4,"column":46}},"4":{"start":{"line":5,"column":0},"end":{"line":5,"column":53}},"5":{"start":{"line":6,"column":0},"end":{"line":6,"column":47}},"6":{"start":{"line":14,"column":0},"end":{"line":14,"column":null}},"7":{"start":{"line":14,"column":13},"end":{"line":14,"column":null}},"8":{"start":{"line":14,"column":13},"end":{"line":14,"column":24}}},"fnMap":{},"branchMap":{},"s":{"0":0,"1":0,"2":0,"3":0,"4":0,"5":0,"6":0,"7":0,"8":0},"f":{},"b":{}}
,"/home/runner/work/todo-app/todo-app/server/src/users/users.service.ts": {"path":"/home/runner/work/todo-app/todo-app/server/src/users/users.service.ts","statementMap":{"0":{"start":{"line":1,"column":0},"end":{"line":1,"column":92}},"1":{"start":{"line":2,"column":0},"end":{"line":2,"column":51}},"2":{"start":{"line":3,"column":0},"end":{"line":3,"column":37}},"3":{"start":{"line":8,"column":0},"end":{"line":8,"column":52}},"4":{"start":{"line":9,"column":0},"end":{"line":9,"column":46}},"5":{"start":{"line":12,"column":25},"end":{"line":143,"column":null}},"6":{"start":{"line":17,"column":21},"end":{"line":17,"column":38}},"7":{"start":{"line":19,"column":21},"end":{"line":19,"column":41}},"8":{"start":{"line":13,"column":19},"end":{"line":13,"column":58}},"9":{"start":{"line":23,"column":17},"end":{"line":23,"column":59}},"10":{"start":{"line":24,"column":4},"end":{"line":32,"column":7}},"11":{"start":{"line":25,"column":6},"end":{"line":27,"column":null}},"12":{"start":{"line":26,"column":8},"end":{"line":26,"column":73}},"13":{"start":{"line":28,"column":6},"end":{"line":30,"column":null}},"14":{"start":{"line":29,"column":8},"end":{"line":29,"column":88}},"15":{"start":{"line":31,"column":6},"end":{"line":31,"column":79}},"16":{"start":{"line":36,"column":17},"end":{"line":36,"column":84}},"17":{"start":{"line":37,"column":4},"end":{"line":39,"column":null}},"18":{"start":{"line":38,"column":6},"end":{"line":38,"column":63}},"19":{"start":{"line":40,"column":4},"end":{"line":40,"column":16}},"20":{"start":{"line":44,"column":16},"end":{"line":47,"column":55}},"21":{"start":{"line":48,"column":4},"end":{"line":50,"column":null}},"22":{"start":{"line":49,"column":6},"end":{"line":49,"column":47}},"23":{"start":{"line":51,"column":17},"end":{"line":51,"column":37}},"24":{"start":{"line":52,"column":4},"end":{"line":54,"column":null}},"25":{"start":{"line":53,"column":6},"end":{"line":53,"column":70}},"26":{"start":{"line":55,"column":4},"end":{"line":55,"column":16}},"27":{"start":{"line":59,"column":16},"end":{"line":62,"column":46}},"28":{"start":{"line":63,"column":4},"end":{"line":65,"column":null}},"29":{"start":{"line":64,"column":6},"end":{"line":64,"column":47}},"30":{"start":{"line":66,"column":17},"end":{"line":66,"column":37}},"31":{"start":{"line":67,"column":4},"end":{"line":69,"column":null}},"32":{"start":{"line":68,"column":6},"end":{"line":68,"column":76}},"33":{"start":{"line":70,"column":4},"end":{"line":70,"column":16}},"34":{"start":{"line":74,"column":17},"end":{"line":76,"column":null}},"35":{"start":{"line":78,"column":4},"end":{"line":80,"column":null}},"36":{"start":{"line":79,"column":6},"end":{"line":79,"column":63}},"37":{"start":{"line":81,"column":4},"end":{"line":89,"column":7}},"38":{"start":{"line":82,"column":6},"end":{"line":84,"column":null}},"39":{"start":{"line":83,"column":8},"end":{"line":83,"column":73}},"40":{"start":{"line":85,"column":6},"end":{"line":87,"column":null}},"41":{"start":{"line":86,"column":8},"end":{"line":86,"column":88}},"42":{"start":{"line":88,"column":6},"end":{"line":88,"column":79}},"43":{"start":{"line":93,"column":17},"end":{"line":93,"column":44}},"44":{"start":{"line":94,"column":4},"end":{"line":96,"column":7}},"45":{"start":{"line":95,"column":6},"end":{"line":95,"column":79}},"46":{"start":{"line":100,"column":17},"end":{"line":100,"column":44}},"47":{"start":{"line":101,"column":20},"end":{"line":101,"column":81}},"48":{"start":{"line":102,"column":4},"end":{"line":102,"column":68}},"49":{"start":{"line":103,"column":4},"end":{"line":106,"column":7}},"50":{"start":{"line":104,"column":26},"end":{"line":104,"column":31}},"51":{"start":{"line":105,"column":6},"end":{"line":105,"column":83}},"52":{"start":{"line":114,"column":4},"end":{"line":117,"column":7}},"53":{"start":{"line":115,"column":26},"end":{"line":115,"column":31}},"54":{"start":{"line":116,"column":6},"end":{"line":116,"column":83}},"55":{"start":{"line":121,"column":4},"end":{"line":124,"column":7}},"56":{"start":{"line":122,"column":26},"end":{"line":122,"column":31}},"57":{"start":{"line":123,"column":6},"end":{"line":123,"column":83}},"58":{"start":{"line":128,"column":4},"end":{"line":130,"column":7}},"59":{"start":{"line":129,"column":6},"end":{"line":129,"column":81}},"60":{"start":{"line":134,"column":20},"end":{"line":137,"column":6}},"61":{"start":{"line":138,"column":4},"end":{"line":140,"column":null}},"62":{"start":{"line":139,"column":6},"end":{"line":139,"column":73}},"63":{"start":{"line":141,"column":4},"end":{"line":141,"column":19}},"64":{"start":{"line":12,"column":13},"end":{"line":143,"column":null}},"65":{"start":{"line":12,"column":13},"end":{"line":12,"column":25}}},"fnMap":{"0":{"name":"(anonymous_4)","decl":{"start":{"line":15,"column":2},"end":{"line":15,"column":null}},"loc":{"start":{"line":19,"column":60},"end":{"line":20,"column":6}}},"1":{"name":"(anonymous_5)","decl":{"start":{"line":22,"column":2},"end":{"line":22,"column":7}},"loc":{"start":{"line":22,"column":47},"end":{"line":33,"column":3}}},"2":{"name":"(anonymous_6)","decl":{"start":{"line":24,"column":49},"end":{"line":24,"column":50}},"loc":{"start":{"line":24,"column":65},"end":{"line":32,"column":5}}},"3":{"name":"(anonymous_7)","decl":{"start":{"line":35,"column":2},"end":{"line":35,"column":7}},"loc":{"start":{"line":35,"column":31},"end":{"line":41,"column":3}}},"4":{"name":"(anonymous_8)","decl":{"start":{"line":43,"column":2},"end":{"line":43,"column":7}},"loc":{"start":{"line":43,"column":65},"end":{"line":56,"column":3}}},"5":{"name":"(anonymous_9)","decl":{"start":{"line":58,"column":2},"end":{"line":58,"column":7}},"loc":{"start":{"line":58,"column":59},"end":{"line":71,"column":3}}},"6":{"name":"(anonymous_10)","decl":{"start":{"line":73,"column":2},"end":{"line":73,"column":7}},"loc":{"start":{"line":73,"column":59},"end":{"line":90,"column":3}}},"7":{"name":"(anonymous_11)","decl":{"start":{"line":81,"column":49},"end":{"line":81,"column":50}},"loc":{"start":{"line":81,"column":65},"end":{"line":89,"column":5}}},"8":{"name":"(anonymous_12)","decl":{"start":{"line":92,"column":2},"end":{"line":92,"column":7}},"loc":{"start":{"line":92,"column":29},"end":{"line":97,"column":3}}},"9":{"name":"(anonymous_13)","decl":{"start":{"line":94,"column":51},"end":{"line":94,"column":52}},"loc":{"start":{"line":94,"column":67},"end":{"line":96,"column":5}}},"10":{"name":"(anonymous_14)","decl":{"start":{"line":99,"column":2},"end":{"line":99,"column":7}},"loc":{"start":{"line":99,"column":68},"end":{"line":107,"column":3}}},"11":{"name":"(anonymous_15)","decl":{"start":{"line":103,"column":55},"end":{"line":103,"column":56}},"loc":{"start":{"line":103,"column":65},"end":{"line":106,"column":5}}},"12":{"name":"(anonymous_16)","decl":{"start":{"line":109,"column":2},"end":{"line":109,"column":7}},"loc":{"start":{"line":112,"column":38},"end":{"line":118,"column":3}}},"13":{"name":"(anonymous_17)","decl":{"start":{"line":114,"column":80},"end":{"line":114,"column":81}},"loc":{"start":{"line":114,"column":90},"end":{"line":117,"column":5}}},"14":{"name":"(anonymous_18)","decl":{"start":{"line":120,"column":2},"end":{"line":120,"column":7}},"loc":{"start":{"line":120,"column":62},"end":{"line":125,"column":3}}},"15":{"name":"(anonymous_19)","decl":{"start":{"line":121,"column":62},"end":{"line":121,"column":63}},"loc":{"start":{"line":121,"column":72},"end":{"line":124,"column":5}}},"16":{"name":"(anonymous_20)","decl":{"start":{"line":127,"column":2},"end":{"line":127,"column":7}},"loc":{"start":{"line":127,"column":20},"end":{"line":131,"column":3}}},"17":{"name":"(anonymous_21)","decl":{"start":{"line":128,"column":72},"end":{"line":128,"column":73}},"loc":{"start":{"line":128,"column":88},"end":{"line":130,"column":5}}},"18":{"name":"(anonymous_22)","decl":{"start":{"line":133,"column":2},"end":{"line":133,"column":7}},"loc":{"start":{"line":133,"column":44},"end":{"line":142,"column":3}}}},"branchMap":{"0":{"loc":{"start":{"line":25,"column":6},"end":{"line":27,"column":null}},"type":"if","locations":[{"start":{"line":25,"column":6},"end":{"line":27,"column":null}}]},"1":{"loc":{"start":{"line":25,"column":10},"end":{"line":25,"column":62}},"type":"binary-expr","locations":[{"start":{"line":25,"column":10},"end":{"line":25,"column":33}},{"start":{"line":25,"column":37},"end":{"line":25,"column":62}}]},"2":{"loc":{"start":{"line":28,"column":6},"end":{"line":30,"column":null}},"type":"if","locations":[{"start":{"line":28,"column":6},"end":{"line":30,"column":null}}]},"3":{"loc":{"start":{"line":28,"column":10},"end":{"line":28,"column":59}},"type":"binary-expr","locations":[{"start":{"line":28,"column":10},"end":{"line":28,"column":33}},{"start":{"line":28,"column":37},"end":{"line":28,"column":59}}]},"4":{"loc":{"start":{"line":37,"column":4},"end":{"line":39,"column":null}},"type":"if","locations":[{"start":{"line":37,"column":4},"end":{"line":39,"column":null}}]},"5":{"loc":{"start":{"line":43,"column":45},"end":{"line":43,"column":65}},"type":"default-arg","locations":[{"start":{"line":43,"column":60},"end":{"line":43,"column":65}}]},"6":{"loc":{"start":{"line":48,"column":4},"end":{"line":50,"column":null}},"type":"if","locations":[{"start":{"line":48,"column":4},"end":{"line":50,"column":null}}]},"7":{"loc":{"start":{"line":52,"column":4},"end":{"line":54,"column":null}},"type":"if","locations":[{"start":{"line":52,"column":4},"end":{"line":54,"column":null}}]},"8":{"loc":{"start":{"line":58,"column":39},"end":{"line":58,"column":59}},"type":"default-arg","locations":[{"start":{"line":58,"column":54},"end":{"line":58,"column":59}}]},"9":{"loc":{"start":{"line":63,"column":4},"end":{"line":65,"column":null}},"type":"if","locations":[{"start":{"line":63,"column":4},"end":{"line":65,"column":null}}]},"10":{"loc":{"start":{"line":67,"column":4},"end":{"line":69,"column":null}},"type":"if","locations":[{"start":{"line":67,"column":4},"end":{"line":69,"column":null}}]},"11":{"loc":{"start":{"line":78,"column":4},"end":{"line":80,"column":null}},"type":"if","locations":[{"start":{"line":78,"column":4},"end":{"line":80,"column":null}}]},"12":{"loc":{"start":{"line":82,"column":6},"end":{"line":84,"column":null}},"type":"if","locations":[{"start":{"line":82,"column":6},"end":{"line":84,"column":null}}]},"13":{"loc":{"start":{"line":82,"column":10},"end":{"line":82,"column":62}},"type":"binary-expr","locations":[{"start":{"line":82,"column":10},"end":{"line":82,"column":33}},{"start":{"line":82,"column":37},"end":{"line":82,"column":62}}]},"14":{"loc":{"start":{"line":85,"column":6},"end":{"line":87,"column":null}},"type":"if","locations":[{"start":{"line":85,"column":6},"end":{"line":87,"column":null}}]},"15":{"loc":{"start":{"line":85,"column":10},"end":{"line":85,"column":59}},"type":"binary-expr","locations":[{"start":{"line":85,"column":10},"end":{"line":85,"column":33}},{"start":{"line":85,"column":37},"end":{"line":85,"column":59}}]},"16":{"loc":{"start":{"line":138,"column":4},"end":{"line":140,"column":null}},"type":"if","locations":[{"start":{"line":138,"column":4},"end":{"line":140,"column":null}}]}},"s":{"0":4,"1":4,"2":4,"3":4,"4":4,"5":4,"6":4,"7":4,"8":4,"9":0,"10":0,"11":0,"12":0,"13":0,"14":0,"15":0,"16":2,"17":2,"18":1,"19":1,"20":0,"21":0,"22":0,"23":0,"24":0,"25":0,"26":0,"27":0,"28":0,"29":0,"30":0,"31":0,"32":0,"33":0,"34":0,"35":0,"36":0,"37":0,"38":0,"39":0,"40":0,"41":0,"42":0,"43":0,"44":0,"45":0,"46":0,"47":0,"48":0,"49":0,"50":0,"51":0,"52":0,"53":0,"54":0,"55":0,"56":0,"57":0,"58":0,"59":0,"60":2,"61":2,"62":1,"63":1,"64":4,"65":4},"f":{"0":4,"1":0,"2":0,"3":2,"4":0,"5":0,"6":0,"7":0,"8":0,"9":0,"10":0,"11":0,"12":0,"13":0,"14":0,"15":0,"16":0,"17":0,"18":2},"b":{"0":[0],"1":[0,0],"2":[0],"3":[0,0],"4":[1],"5":[0],"6":[0],"7":[0],"8":[0],"9":[0],"10":[0],"11":[0],"12":[0],"13":[0,0],"14":[0],"15":[0,0],"16":[1]}}
,"/home/runner/work/todo-app/todo-app/server/src/users/dto/create-account.dto.ts": {"path":"/home/runner/work/todo-app/todo-app/server/src/users/dto/create-account.dto.ts","statementMap":{"0":{"start":{"line":1,"column":0},"end":{"line":1,"column":63}},"1":{"start":{"line":2,"column":0},"end":{"line":2,"column":null}},"2":{"start":{"line":15,"column":2},"end":{"line":15,"column":null}},"3":{"start":{"line":22,"column":2},"end":{"line":22,"column":null}},"4":{"start":{"line":28,"column":2},"end":{"line":28,"column":null}},"5":{"start":{"line":34,"column":2},"end":{"line":34,"column":null}},"6":{"start":{"line":9,"column":0},"end":{"line":9,"column":13}}},"fnMap":{},"branchMap":{},"s":{"0":0,"1":0,"2":0,"3":0,"4":0,"5":0,"6":0},"f":{},"b":{}}
,"/home/runner/work/todo-app/todo-app/server/src/users/dto/create-user.dto.ts": {"path":"/home/runner/work/todo-app/todo-app/server/src/users/dto/create-user.dto.ts","statementMap":{"0":{"start":{"line":1,"column":0},"end":{"line":1,"column":86}},"1":{"start":{"line":15,"column":2},"end":{"line":15,"column":null}},"2":{"start":{"line":24,"column":2},"end":{"line":24,"column":null}},"3":{"start":{"line":32,"column":2},"end":{"line":32,"column":null}},"4":{"start":{"line":41,"column":2},"end":{"line":41,"column":null}},"5":{"start":{"line":4,"column":0},"end":{"line":4,"column":13}}},"fnMap":{},"branchMap":{},"s":{"0":0,"1":0,"2":0,"3":0,"4":0,"5":0},"f":{},"b":{}}
,"/home/runner/work/todo-app/todo-app/server/src/users/dto/update-account.dto.ts": {"path":"/home/runner/work/todo-app/todo-app/server/src/users/dto/update-account.dto.ts","statementMap":{"0":{"start":{"line":1,"column":0},"end":{"line":1,"column":46}},"1":{"start":{"line":2,"column":0},"end":{"line":2,"column":56}},"2":{"start":{"line":4,"column":0},"end":{"line":4,"column":13}}},"fnMap":{},"branchMap":{},"s":{"0":0,"1":0,"2":0},"f":{},"b":{}}
,"/home/runner/work/todo-app/todo-app/server/src/users/dto/update-user.dto.ts": {"path":"/home/runner/work/todo-app/todo-app/server/src/users/dto/update-user.dto.ts","statementMap":{"0":{"start":{"line":1,"column":0},"end":{"line":1,"column":46}},"1":{"start":{"line":2,"column":0},"end":{"line":2,"column":50}},"2":{"start":{"line":4,"column":0},"end":{"line":4,"column":13}}},"fnMap":{},"branchMap":{},"s":{"0":0,"1":0,"2":0},"f":{},"b":{}}
,"/home/runner/work/todo-app/todo-app/server/src/users/entities/account.entity.ts": {"path":"/home/runner/work/todo-app/todo-app/server/src/users/entities/account.entity.ts","statementMap":{"0":{"start":{"line":1,"column":0},"end":{"line":1,"column":75}},"1":{"start":{"line":3,"column":0},"end":{"line":3,"column":37}},"2":{"start":{"line":8,"column":0},"end":{"line":20,"column":null}},"3":{"start":{"line":10,"column":2},"end":{"line":10,"column":null}},"4":{"start":{"line":13,"column":2},"end":{"line":13,"column":null}},"5":{"start":{"line":16,"column":2},"end":{"line":16,"column":null}},"6":{"start":{"line":19,"column":2},"end":{"line":19,"column":null}},"7":{"start":{"line":18,"column":19},"end":{"line":18,"column":23}},"8":{"start":{"line":18,"column":35},"end":{"line":18,"column":48}},"9":{"start":{"line":8,"column":13},"end":{"line":20,"column":null}},"10":{"start":{"line":8,"column":13},"end":{"line":8,"column":20}}},"fnMap":{"0":{"name":"(anonymous_2)","decl":{"start":{"line":18,"column":13},"end":{"line":18,"column":16}},"loc":{"start":{"line":18,"column":19},"end":{"line":18,"column":23}}},"1":{"name":"(anonymous_3)","decl":{"start":{"line":18,"column":25},"end":{"line":18,"column":26}},"loc":{"start":{"line":18,"column":35},"end":{"line":18,"column":48}}}},"branchMap":{},"s":{"0":4,"1":4,"2":4,"3":4,"4":4,"5":4,"6":4,"7":0,"8":0,"9":4,"10":4},"f":{"0":0,"1":0},"b":{}}
,"/home/runner/work/todo-app/todo-app/server/src/users/entities/user.entity.ts": {"path":"/home/runner/work/todo-app/todo-app/server/src/users/entities/user.entity.ts","statementMap":{"0":{"start":{"line":1,"column":0},"end":{"line":1,"column":83}},"1":{"start":{"line":4,"column":0},"end":{"line":4,"column":43}},"2":{"start":{"line":7,"column":0},"end":{"line":30,"column":null}},"3":{"start":{"line":9,"column":2},"end":{"line":9,"column":null}},"4":{"start":{"line":13,"column":2},"end":{"line":13,"column":null}},"5":{"start":{"line":17,"column":2},"end":{"line":17,"column":null}},"6":{"start":{"line":20,"column":2},"end":{"line":20,"column":null}},"7":{"start":{"line":23,"column":2},"end":{"line":23,"column":null}},"8":{"start":{"line":26,"column":2},"end":{"line":26,"column":null}},"9":{"start":{"line":29,"column":2},"end":{"line":29,"column":null}},"10":{"start":{"line":28,"column":19},"end":{"line":28,"column":26}},"11":{"start":{"line":28,"column":41},"end":{"line":28,"column":53}},"12":{"start":{"line":7,"column":13},"end":{"line":30,"column":null}},"13":{"start":{"line":7,"column":13},"end":{"line":7,"column":17}}},"fnMap":{"0":{"name":"(anonymous_2)","decl":{"start":{"line":28,"column":13},"end":{"line":28,"column":16}},"loc":{"start":{"line":28,"column":19},"end":{"line":28,"column":26}}},"1":{"name":"(anonymous_3)","decl":{"start":{"line":28,"column":28},"end":{"line":28,"column":29}},"loc":{"start":{"line":28,"column":41},"end":{"line":28,"column":53}}}},"branchMap":{},"s":{"0":4,"1":4,"2":4,"3":4,"4":4,"5":4,"6":4,"7":4,"8":4,"9":4,"10":0,"11":0,"12":4,"13":4},"f":{"0":0,"1":0},"b":{}}
}
